INFO - 2024-02-23 01:37:23 --> Session: Class initialized using 'CodeIgniter\Session\Handlers\FileHandler' driver.
INFO - 2024-02-23 01:37:23 --> Session: Class initialized using 'CodeIgniter\Session\Handlers\FileHandler' driver.
INFO - 2024-02-23 01:37:32 --> Session: Class initialized using 'CodeIgniter\Session\Handlers\FileHandler' driver.
INFO - 2024-02-23 01:37:32 --> Session: Class initialized using 'CodeIgniter\Session\Handlers\FileHandler' driver.
INFO - 2024-02-23 01:38:06 --> Session: Class initialized using 'CodeIgniter\Session\Handlers\FileHandler' driver.
INFO - 2024-02-23 01:38:10 --> Session: Class initialized using 'CodeIgniter\Session\Handlers\FileHandler' driver.
INFO - 2024-02-23 01:38:10 --> Session: Class initialized using 'CodeIgniter\Session\Handlers\FileHandler' driver.
INFO - 2024-02-23 01:38:29 --> Session: Class initialized using 'CodeIgniter\Session\Handlers\FileHandler' driver.
INFO - 2024-02-23 01:38:29 --> Session: Class initialized using 'CodeIgniter\Session\Handlers\FileHandler' driver.
INFO - 2024-02-23 01:49:43 --> Session: Class initialized using 'CodeIgniter\Session\Handlers\FileHandler' driver.
INFO - 2024-02-23 01:49:43 --> Session: Class initialized using 'CodeIgniter\Session\Handlers\FileHandler' driver.
INFO - 2024-02-23 02:01:50 --> Session: Class initialized using 'CodeIgniter\Session\Handlers\FileHandler' driver.
INFO - 2024-02-23 02:01:51 --> Session: Class initialized using 'CodeIgniter\Session\Handlers\FileHandler' driver.
INFO - 2024-02-23 02:08:16 --> Session: Class initialized using 'CodeIgniter\Session\Handlers\FileHandler' driver.
INFO - 2024-02-23 02:08:23 --> Session: Class initialized using 'CodeIgniter\Session\Handlers\FileHandler' driver.
INFO - 2024-02-23 02:08:28 --> Session: Class initialized using 'CodeIgniter\Session\Handlers\FileHandler' driver.
INFO - 2024-02-23 02:08:28 --> Session: Class initialized using 'CodeIgniter\Session\Handlers\FileHandler' driver.
INFO - 2024-02-23 02:58:38 --> Session: Class initialized using 'CodeIgniter\Session\Handlers\FileHandler' driver.
INFO - 2024-02-23 02:58:55 --> Session: Class initialized using 'CodeIgniter\Session\Handlers\FileHandler' driver.
INFO - 2024-02-23 02:58:58 --> Session: Class initialized using 'CodeIgniter\Session\Handlers\FileHandler' driver.
INFO - 2024-02-23 02:58:58 --> Session: Class initialized using 'CodeIgniter\Session\Handlers\FileHandler' driver.
INFO - 2024-02-23 03:00:37 --> Session: Class initialized using 'CodeIgniter\Session\Handlers\FileHandler' driver.
INFO - 2024-02-23 03:00:57 --> Session: Class initialized using 'CodeIgniter\Session\Handlers\FileHandler' driver.
INFO - 2024-02-23 03:01:00 --> Session: Class initialized using 'CodeIgniter\Session\Handlers\FileHandler' driver.
INFO - 2024-02-23 03:01:00 --> Session: Class initialized using 'CodeIgniter\Session\Handlers\FileHandler' driver.
INFO - 2024-02-23 03:01:16 --> Session: Class initialized using 'CodeIgniter\Session\Handlers\FileHandler' driver.
INFO - 2024-02-23 03:01:40 --> Session: Class initialized using 'CodeIgniter\Session\Handlers\FileHandler' driver.
INFO - 2024-02-23 03:02:44 --> Session: Class initialized using 'CodeIgniter\Session\Handlers\FileHandler' driver.
INFO - 2024-02-23 03:39:03 --> Session: Class initialized using 'CodeIgniter\Session\Handlers\FileHandler' driver.
INFO - 2024-02-23 03:39:03 --> Session: Class initialized using 'CodeIgniter\Session\Handlers\FileHandler' driver.
INFO - 2024-02-23 03:39:40 --> Session: Class initialized using 'CodeIgniter\Session\Handlers\FileHandler' driver.
INFO - 2024-02-23 03:39:44 --> Session: Class initialized using 'CodeIgniter\Session\Handlers\FileHandler' driver.
INFO - 2024-02-23 03:39:45 --> Session: Class initialized using 'CodeIgniter\Session\Handlers\FileHandler' driver.
INFO - 2024-02-23 03:41:29 --> Session: Class initialized using 'CodeIgniter\Session\Handlers\FileHandler' driver.
INFO - 2024-02-23 03:41:32 --> Session: Class initialized using 'CodeIgniter\Session\Handlers\FileHandler' driver.
INFO - 2024-02-23 03:41:33 --> Session: Class initialized using 'CodeIgniter\Session\Handlers\FileHandler' driver.
INFO - 2024-02-23 03:41:37 --> Session: Class initialized using 'CodeIgniter\Session\Handlers\FileHandler' driver.
INFO - 2024-02-23 03:41:37 --> Session: Class initialized using 'CodeIgniter\Session\Handlers\FileHandler' driver.
INFO - 2024-02-23 03:41:57 --> Session: Class initialized using 'CodeIgniter\Session\Handlers\FileHandler' driver.
INFO - 2024-02-23 03:42:00 --> Session: Class initialized using 'CodeIgniter\Session\Handlers\FileHandler' driver.
INFO - 2024-02-23 03:42:00 --> Session: Class initialized using 'CodeIgniter\Session\Handlers\FileHandler' driver.
INFO - 2024-02-23 03:42:07 --> Session: Class initialized using 'CodeIgniter\Session\Handlers\FileHandler' driver.
INFO - 2024-02-23 03:42:07 --> Session: Class initialized using 'CodeIgniter\Session\Handlers\FileHandler' driver.
INFO - 2024-02-23 03:43:02 --> Session: Class initialized using 'CodeIgniter\Session\Handlers\FileHandler' driver.
INFO - 2024-02-23 03:43:06 --> Session: Class initialized using 'CodeIgniter\Session\Handlers\FileHandler' driver.
INFO - 2024-02-23 03:43:07 --> Session: Class initialized using 'CodeIgniter\Session\Handlers\FileHandler' driver.
INFO - 2024-02-23 03:43:16 --> Session: Class initialized using 'CodeIgniter\Session\Handlers\FileHandler' driver.
CRITICAL - 2024-02-23 03:43:16 --> ErrorException: Undefined variable $customer_table
in APPPATH\Controllers\PaymentController.php on line 151.
 1 APPPATH\Controllers\PaymentController.php(151): CodeIgniter\Debug\Exceptions->errorHandler(2, 'Undefined variable $customer_table', 'C:\\Users\\User\\Desktop\\barcus\\app\\Controllers\\PaymentController.php', 151)
 2 SYSTEMPATH\CodeIgniter.php(941): App\Controllers\PaymentController->delete('R99X7F4QrLm1tBp6')
 3 SYSTEMPATH\CodeIgniter.php(502): CodeIgniter\CodeIgniter->runController(Object(App\Controllers\PaymentController))
 4 SYSTEMPATH\CodeIgniter.php(361): CodeIgniter\CodeIgniter->handleRequest(null, Object(Config\Cache), false)
 5 FCPATH\index.php(79): CodeIgniter\CodeIgniter->run()
 6 SYSTEMPATH\Commands\Server\rewrite.php(47): require_once('C:\\Users\\User\\Desktop\\barcus\\public\\index.php')
INFO - 2024-02-23 03:43:43 --> Session: Class initialized using 'CodeIgniter\Session\Handlers\FileHandler' driver.
INFO - 2024-02-23 03:43:43 --> Session: Class initialized using 'CodeIgniter\Session\Handlers\FileHandler' driver.
INFO - 2024-02-23 03:43:51 --> Session: Class initialized using 'CodeIgniter\Session\Handlers\FileHandler' driver.
INFO - 2024-02-23 03:43:59 --> Session: Class initialized using 'CodeIgniter\Session\Handlers\FileHandler' driver.
INFO - 2024-02-23 04:03:46 --> Session: Class initialized using 'CodeIgniter\Session\Handlers\FileHandler' driver.
INFO - 2024-02-23 04:03:46 --> Session: Class initialized using 'CodeIgniter\Session\Handlers\FileHandler' driver.
INFO - 2024-02-23 04:05:27 --> Session: Class initialized using 'CodeIgniter\Session\Handlers\FileHandler' driver.
INFO - 2024-02-23 04:05:27 --> Session: Class initialized using 'CodeIgniter\Session\Handlers\FileHandler' driver.
INFO - 2024-02-23 04:13:33 --> Session: Class initialized using 'CodeIgniter\Session\Handlers\FileHandler' driver.
INFO - 2024-02-23 04:13:37 --> Session: Class initialized using 'CodeIgniter\Session\Handlers\FileHandler' driver.
INFO - 2024-02-23 04:13:38 --> Session: Class initialized using 'CodeIgniter\Session\Handlers\FileHandler' driver.
INFO - 2024-02-23 04:13:40 --> Session: Class initialized using 'CodeIgniter\Session\Handlers\FileHandler' driver.
CRITICAL - 2024-02-23 04:43:52 --> Error: Class "App\Controllers\TeamModel" not found
in APPPATH\Controllers\PublicController.php on line 7.
 1 SYSTEMPATH\Autoloader\Autoloader.php(309): include_once()
 2 SYSTEMPATH\Autoloader\Autoloader.php(288): CodeIgniter\Autoloader\Autoloader->includeFile('C:\\Users\\User\\Desktop\\barcus\\app\\Controllers\\Publiccontroller.php')
 3 SYSTEMPATH\Autoloader\Autoloader.php(266): CodeIgniter\Autoloader\Autoloader->loadInNamespace('App\\Controllers\\Publiccontroller')
 4 [internal function]: CodeIgniter\Autoloader\Autoloader->loadClass('App\\Controllers\\Publiccontroller')
 5 SYSTEMPATH\CodeIgniter.php(899): class_exists('\\App\\Controllers\\Publiccontroller', true)
 6 SYSTEMPATH\CodeIgniter.php(489): CodeIgniter\CodeIgniter->startController()
 7 SYSTEMPATH\CodeIgniter.php(361): CodeIgniter\CodeIgniter->handleRequest(null, Object(Config\Cache), false)
 8 FCPATH\index.php(79): CodeIgniter\CodeIgniter->run()
 9 SYSTEMPATH\Commands\Server\rewrite.php(47): require_once('C:\\Users\\User\\Desktop\\barcus\\public\\index.php')
INFO - 2024-02-23 04:50:01 --> Session: Class initialized using 'CodeIgniter\Session\Handlers\FileHandler' driver.
INFO - 2024-02-23 05:11:40 --> Session: Class initialized using 'CodeIgniter\Session\Handlers\FileHandler' driver.
INFO - 2024-02-23 05:11:48 --> Session: Class initialized using 'CodeIgniter\Session\Handlers\FileHandler' driver.
INFO - 2024-02-23 05:12:01 --> Session: Class initialized using 'CodeIgniter\Session\Handlers\FileHandler' driver.
INFO - 2024-02-23 05:12:09 --> Session: Class initialized using 'CodeIgniter\Session\Handlers\FileHandler' driver.
INFO - 2024-02-23 05:12:15 --> Session: Class initialized using 'CodeIgniter\Session\Handlers\FileHandler' driver.
CRITICAL - 2024-02-23 05:12:15 --> ErrorException: include(partials/forms/edit_blog_form.php): Failed to open stream: No such file or directory
in APPPATH\Views\dashboard\edit_blog.php on line 14.
 1 APPPATH\Views\dashboard\edit_blog.php(14): CodeIgniter\Debug\Exceptions->errorHandler(2, 'include(partials/forms/edit_blog_form.php): Failed to open stream: No such file or directory', 'C:\\Users\\User\\Desktop\\barcus\\app\\Views\\dashboard\\edit_blog.php', 14)
 2 APPPATH\Views\dashboard\edit_blog.php(14): include()
 3 SYSTEMPATH\View\View.php(228): include('C:\\Users\\User\\Desktop\\barcus\\app\\Views\\dashboard\\edit_blog.php')
 4 SYSTEMPATH\View\View.php(231): CodeIgniter\View\View->CodeIgniter\View\{closure}()
 5 SYSTEMPATH\Common.php(1178): CodeIgniter\View\View->render('dashboard/edit_blog', [], true)
 6 APPPATH\Controllers\BlogController.php(227): view('dashboard/edit_blog', [...])
 7 SYSTEMPATH\CodeIgniter.php(941): App\Controllers\BlogController->edit('5')
 8 SYSTEMPATH\CodeIgniter.php(502): CodeIgniter\CodeIgniter->runController(Object(App\Controllers\BlogController))
 9 SYSTEMPATH\CodeIgniter.php(361): CodeIgniter\CodeIgniter->handleRequest(null, Object(Config\Cache), false)
10 FCPATH\index.php(79): CodeIgniter\CodeIgniter->run()
11 SYSTEMPATH\Commands\Server\rewrite.php(47): require_once('C:\\Users\\User\\Desktop\\barcus\\public\\index.php')
INFO - 2024-02-23 05:20:30 --> Session: Class initialized using 'CodeIgniter\Session\Handlers\FileHandler' driver.
CRITICAL - 2024-02-23 05:20:30 --> ErrorException: Undefined array key "post_category"
in APPPATH\Views\dashboard\partials\forms\edit_blog_form.php on line 32.
 1 APPPATH\Views\dashboard\partials\forms\edit_blog_form.php(32): CodeIgniter\Debug\Exceptions->errorHandler(2, 'Undefined array key "post_category"', 'C:\\Users\\User\\Desktop\\barcus\\app\\Views\\dashboard\\partials\\forms\\edit_blog_form.php', 32)
 2 APPPATH\Views\dashboard\edit_blog.php(14): include('C:\\Users\\User\\Desktop\\barcus\\app\\Views\\dashboard\\partials\\forms\\edit_blog_form.php')
 3 SYSTEMPATH\View\View.php(228): include('C:\\Users\\User\\Desktop\\barcus\\app\\Views\\dashboard\\edit_blog.php')
 4 SYSTEMPATH\View\View.php(231): CodeIgniter\View\View->CodeIgniter\View\{closure}()
 5 SYSTEMPATH\Common.php(1178): CodeIgniter\View\View->render('dashboard/edit_blog', [], true)
 6 APPPATH\Controllers\BlogController.php(227): view('dashboard/edit_blog', [...])
 7 SYSTEMPATH\CodeIgniter.php(941): App\Controllers\BlogController->edit('5')
 8 SYSTEMPATH\CodeIgniter.php(502): CodeIgniter\CodeIgniter->runController(Object(App\Controllers\BlogController))
 9 SYSTEMPATH\CodeIgniter.php(361): CodeIgniter\CodeIgniter->handleRequest(null, Object(Config\Cache), false)
10 FCPATH\index.php(79): CodeIgniter\CodeIgniter->run()
11 SYSTEMPATH\Commands\Server\rewrite.php(47): require_once('C:\\Users\\User\\Desktop\\barcus\\public\\index.php')
INFO - 2024-02-23 05:21:14 --> Session: Class initialized using 'CodeIgniter\Session\Handlers\FileHandler' driver.
CRITICAL - 2024-02-23 05:21:14 --> ErrorException: Undefined array key "post_category"
in APPPATH\Views\dashboard\partials\forms\edit_blog_form.php on line 32.
 1 APPPATH\Views\dashboard\partials\forms\edit_blog_form.php(32): CodeIgniter\Debug\Exceptions->errorHandler(2, 'Undefined array key "post_category"', 'C:\\Users\\User\\Desktop\\barcus\\app\\Views\\dashboard\\partials\\forms\\edit_blog_form.php', 32)
 2 APPPATH\Views\dashboard\edit_blog.php(14): include('C:\\Users\\User\\Desktop\\barcus\\app\\Views\\dashboard\\partials\\forms\\edit_blog_form.php')
 3 SYSTEMPATH\View\View.php(228): include('C:\\Users\\User\\Desktop\\barcus\\app\\Views\\dashboard\\edit_blog.php')
 4 SYSTEMPATH\View\View.php(231): CodeIgniter\View\View->CodeIgniter\View\{closure}()
 5 SYSTEMPATH\Common.php(1178): CodeIgniter\View\View->render('dashboard/edit_blog', [], true)
 6 APPPATH\Controllers\BlogController.php(227): view('dashboard/edit_blog', [...])
 7 SYSTEMPATH\CodeIgniter.php(941): App\Controllers\BlogController->edit('5')
 8 SYSTEMPATH\CodeIgniter.php(502): CodeIgniter\CodeIgniter->runController(Object(App\Controllers\BlogController))
 9 SYSTEMPATH\CodeIgniter.php(361): CodeIgniter\CodeIgniter->handleRequest(null, Object(Config\Cache), false)
10 FCPATH\index.php(79): CodeIgniter\CodeIgniter->run()
11 SYSTEMPATH\Commands\Server\rewrite.php(47): require_once('C:\\Users\\User\\Desktop\\barcus\\public\\index.php')
INFO - 2024-02-23 05:23:43 --> Session: Class initialized using 'CodeIgniter\Session\Handlers\FileHandler' driver.
CRITICAL - 2024-02-23 05:23:43 --> ErrorException: Undefined array key "post_category"
in APPPATH\Views\dashboard\partials\forms\edit_blog_form.php on line 32.
 1 APPPATH\Views\dashboard\partials\forms\edit_blog_form.php(32): CodeIgniter\Debug\Exceptions->errorHandler(2, 'Undefined array key "post_category"', 'C:\\Users\\User\\Desktop\\barcus\\app\\Views\\dashboard\\partials\\forms\\edit_blog_form.php', 32)
 2 APPPATH\Views\dashboard\edit_blog.php(14): include('C:\\Users\\User\\Desktop\\barcus\\app\\Views\\dashboard\\partials\\forms\\edit_blog_form.php')
 3 SYSTEMPATH\View\View.php(228): include('C:\\Users\\User\\Desktop\\barcus\\app\\Views\\dashboard\\edit_blog.php')
 4 SYSTEMPATH\View\View.php(231): CodeIgniter\View\View->CodeIgniter\View\{closure}()
 5 SYSTEMPATH\Common.php(1178): CodeIgniter\View\View->render('dashboard/edit_blog', [], true)
 6 APPPATH\Controllers\BlogController.php(227): view('dashboard/edit_blog', [...])
 7 SYSTEMPATH\CodeIgniter.php(941): App\Controllers\BlogController->edit('5')
 8 SYSTEMPATH\CodeIgniter.php(502): CodeIgniter\CodeIgniter->runController(Object(App\Controllers\BlogController))
 9 SYSTEMPATH\CodeIgniter.php(361): CodeIgniter\CodeIgniter->handleRequest(null, Object(Config\Cache), false)
10 FCPATH\index.php(79): CodeIgniter\CodeIgniter->run()
11 SYSTEMPATH\Commands\Server\rewrite.php(47): require_once('C:\\Users\\User\\Desktop\\barcus\\public\\index.php')
INFO - 2024-02-23 05:30:03 --> Session: Class initialized using 'CodeIgniter\Session\Handlers\FileHandler' driver.
CRITICAL - 2024-02-23 05:30:03 --> ErrorException: Undefined array key "post_category"
in APPPATH\Views\dashboard\partials\forms\edit_blog_form.php on line 32.
 1 APPPATH\Views\dashboard\partials\forms\edit_blog_form.php(32): CodeIgniter\Debug\Exceptions->errorHandler(2, 'Undefined array key "post_category"', 'C:\\Users\\User\\Desktop\\barcus\\app\\Views\\dashboard\\partials\\forms\\edit_blog_form.php', 32)
 2 APPPATH\Views\dashboard\edit_blog.php(14): include('C:\\Users\\User\\Desktop\\barcus\\app\\Views\\dashboard\\partials\\forms\\edit_blog_form.php')
 3 SYSTEMPATH\View\View.php(228): include('C:\\Users\\User\\Desktop\\barcus\\app\\Views\\dashboard\\edit_blog.php')
 4 SYSTEMPATH\View\View.php(231): CodeIgniter\View\View->CodeIgniter\View\{closure}()
 5 SYSTEMPATH\Common.php(1178): CodeIgniter\View\View->render('dashboard/edit_blog', [], true)
 6 APPPATH\Controllers\BlogController.php(230): view('dashboard/edit_blog', [...])
 7 SYSTEMPATH\CodeIgniter.php(941): App\Controllers\BlogController->edit('5')
 8 SYSTEMPATH\CodeIgniter.php(502): CodeIgniter\CodeIgniter->runController(Object(App\Controllers\BlogController))
 9 SYSTEMPATH\CodeIgniter.php(361): CodeIgniter\CodeIgniter->handleRequest(null, Object(Config\Cache), false)
10 FCPATH\index.php(79): CodeIgniter\CodeIgniter->run()
11 SYSTEMPATH\Commands\Server\rewrite.php(47): require_once('C:\\Users\\User\\Desktop\\barcus\\public\\index.php')
INFO - 2024-02-23 05:31:23 --> Session: Class initialized using 'CodeIgniter\Session\Handlers\FileHandler' driver.
CRITICAL - 2024-02-23 05:31:23 --> ErrorException: Undefined array key "post_category"
in APPPATH\Views\dashboard\partials\forms\edit_blog_form.php on line 32.
 1 APPPATH\Views\dashboard\partials\forms\edit_blog_form.php(32): CodeIgniter\Debug\Exceptions->errorHandler(2, 'Undefined array key "post_category"', 'C:\\Users\\User\\Desktop\\barcus\\app\\Views\\dashboard\\partials\\forms\\edit_blog_form.php', 32)
 2 APPPATH\Views\dashboard\edit_blog.php(14): include('C:\\Users\\User\\Desktop\\barcus\\app\\Views\\dashboard\\partials\\forms\\edit_blog_form.php')
 3 SYSTEMPATH\View\View.php(228): include('C:\\Users\\User\\Desktop\\barcus\\app\\Views\\dashboard\\edit_blog.php')
 4 SYSTEMPATH\View\View.php(231): CodeIgniter\View\View->CodeIgniter\View\{closure}()
 5 SYSTEMPATH\Common.php(1178): CodeIgniter\View\View->render('dashboard/edit_blog', [], true)
 6 APPPATH\Controllers\BlogController.php(230): view('dashboard/edit_blog', [...])
 7 SYSTEMPATH\CodeIgniter.php(941): App\Controllers\BlogController->edit('5')
 8 SYSTEMPATH\CodeIgniter.php(502): CodeIgniter\CodeIgniter->runController(Object(App\Controllers\BlogController))
 9 SYSTEMPATH\CodeIgniter.php(361): CodeIgniter\CodeIgniter->handleRequest(null, Object(Config\Cache), false)
10 FCPATH\index.php(79): CodeIgniter\CodeIgniter->run()
11 SYSTEMPATH\Commands\Server\rewrite.php(47): require_once('C:\\Users\\User\\Desktop\\barcus\\public\\index.php')
INFO - 2024-02-23 05:31:40 --> Session: Class initialized using 'CodeIgniter\Session\Handlers\FileHandler' driver.
INFO - 2024-02-23 05:31:45 --> Session: Class initialized using 'CodeIgniter\Session\Handlers\FileHandler' driver.
INFO - 2024-02-23 05:31:45 --> Session: Class initialized using 'CodeIgniter\Session\Handlers\FileHandler' driver.
INFO - 2024-02-23 05:38:06 --> Session: Class initialized using 'CodeIgniter\Session\Handlers\FileHandler' driver.
INFO - 2024-02-23 05:38:06 --> Session: Class initialized using 'CodeIgniter\Session\Handlers\FileHandler' driver.
INFO - 2024-02-23 05:38:13 --> Session: Class initialized using 'CodeIgniter\Session\Handlers\FileHandler' driver.
INFO - 2024-02-23 05:38:13 --> Session: Class initialized using 'CodeIgniter\Session\Handlers\FileHandler' driver.
INFO - 2024-02-23 05:38:20 --> Session: Class initialized using 'CodeIgniter\Session\Handlers\FileHandler' driver.
INFO - 2024-02-23 05:38:24 --> Session: Class initialized using 'CodeIgniter\Session\Handlers\FileHandler' driver.
INFO - 2024-02-23 05:38:25 --> Session: Class initialized using 'CodeIgniter\Session\Handlers\FileHandler' driver.
INFO - 2024-02-23 05:40:40 --> Session: Class initialized using 'CodeIgniter\Session\Handlers\FileHandler' driver.
INFO - 2024-02-23 05:40:46 --> Session: Class initialized using 'CodeIgniter\Session\Handlers\FileHandler' driver.
INFO - 2024-02-23 05:40:49 --> Session: Class initialized using 'CodeIgniter\Session\Handlers\FileHandler' driver.
INFO - 2024-02-23 05:40:50 --> Session: Class initialized using 'CodeIgniter\Session\Handlers\FileHandler' driver.
INFO - 2024-02-23 05:42:33 --> Session: Class initialized using 'CodeIgniter\Session\Handlers\FileHandler' driver.
INFO - 2024-02-23 05:42:38 --> Session: Class initialized using 'CodeIgniter\Session\Handlers\FileHandler' driver.
INFO - 2024-02-23 05:42:38 --> Session: Class initialized using 'CodeIgniter\Session\Handlers\FileHandler' driver.
INFO - 2024-02-23 05:48:19 --> Session: Class initialized using 'CodeIgniter\Session\Handlers\FileHandler' driver.
INFO - 2024-02-23 05:48:20 --> Session: Class initialized using 'CodeIgniter\Session\Handlers\FileHandler' driver.
INFO - 2024-02-23 05:48:31 --> Session: Class initialized using 'CodeIgniter\Session\Handlers\FileHandler' driver.
INFO - 2024-02-23 05:48:38 --> Session: Class initialized using 'CodeIgniter\Session\Handlers\FileHandler' driver.
INFO - 2024-02-23 05:48:38 --> Session: Class initialized using 'CodeIgniter\Session\Handlers\FileHandler' driver.
INFO - 2024-02-23 05:49:18 --> Session: Class initialized using 'CodeIgniter\Session\Handlers\FileHandler' driver.
INFO - 2024-02-23 05:49:25 --> Session: Class initialized using 'CodeIgniter\Session\Handlers\FileHandler' driver.
INFO - 2024-02-23 05:49:25 --> Session: Class initialized using 'CodeIgniter\Session\Handlers\FileHandler' driver.
INFO - 2024-02-23 05:49:42 --> Session: Class initialized using 'CodeIgniter\Session\Handlers\FileHandler' driver.
INFO - 2024-02-23 05:49:43 --> Session: Class initialized using 'CodeIgniter\Session\Handlers\FileHandler' driver.
INFO - 2024-02-23 05:50:01 --> Session: Class initialized using 'CodeIgniter\Session\Handlers\FileHandler' driver.
INFO - 2024-02-23 05:50:08 --> Session: Class initialized using 'CodeIgniter\Session\Handlers\FileHandler' driver.
INFO - 2024-02-23 05:50:09 --> Session: Class initialized using 'CodeIgniter\Session\Handlers\FileHandler' driver.
INFO - 2024-02-23 05:50:23 --> Session: Class initialized using 'CodeIgniter\Session\Handlers\FileHandler' driver.
INFO - 2024-02-23 05:50:29 --> Session: Class initialized using 'CodeIgniter\Session\Handlers\FileHandler' driver.
INFO - 2024-02-23 05:50:30 --> Session: Class initialized using 'CodeIgniter\Session\Handlers\FileHandler' driver.
INFO - 2024-02-23 05:50:43 --> Session: Class initialized using 'CodeIgniter\Session\Handlers\FileHandler' driver.
INFO - 2024-02-23 05:50:44 --> Session: Class initialized using 'CodeIgniter\Session\Handlers\FileHandler' driver.
INFO - 2024-02-23 05:59:52 --> Session: Class initialized using 'CodeIgniter\Session\Handlers\FileHandler' driver.
CRITICAL - 2024-02-23 06:02:08 --> Error: Class "App\Controllers\CommentModel" not found
in APPPATH\Controllers\PublicController.php on line 199.
 1 SYSTEMPATH\CodeIgniter.php(941): App\Controllers\PublicController->blog_details('5')
 2 SYSTEMPATH\CodeIgniter.php(502): CodeIgniter\CodeIgniter->runController(Object(App\Controllers\PublicController))
 3 SYSTEMPATH\CodeIgniter.php(361): CodeIgniter\CodeIgniter->handleRequest(null, Object(Config\Cache), false)
 4 FCPATH\index.php(79): CodeIgniter\CodeIgniter->run()
 5 SYSTEMPATH\Commands\Server\rewrite.php(47): require_once('C:\\Users\\User\\Desktop\\barcus\\public\\index.php')
CRITICAL - 2024-02-23 06:09:03 --> ErrorException: Undefined array key "featureImg"
in APPPATH\Views\public\blog_details.php on line 8.
 1 APPPATH\Views\public\blog_details.php(8): CodeIgniter\Debug\Exceptions->errorHandler(2, 'Undefined array key "featureImg"', 'C:\\Users\\User\\Desktop\\barcus\\app\\Views\\public\\blog_details.php', 8)
 2 SYSTEMPATH\View\View.php(228): include('C:\\Users\\User\\Desktop\\barcus\\app\\Views\\public\\blog_details.php')
 3 SYSTEMPATH\View\View.php(231): CodeIgniter\View\View->CodeIgniter\View\{closure}()
 4 SYSTEMPATH\Common.php(1178): CodeIgniter\View\View->render('public/blog_details', [], true)
 5 APPPATH\Controllers\PublicController.php(261): view('public/blog_details', [...])
 6 SYSTEMPATH\CodeIgniter.php(941): App\Controllers\PublicController->blog_details('5')
 7 SYSTEMPATH\CodeIgniter.php(502): CodeIgniter\CodeIgniter->runController(Object(App\Controllers\PublicController))
 8 SYSTEMPATH\CodeIgniter.php(361): CodeIgniter\CodeIgniter->handleRequest(null, Object(Config\Cache), false)
 9 FCPATH\index.php(79): CodeIgniter\CodeIgniter->run()
10 SYSTEMPATH\Commands\Server\rewrite.php(47): require_once('C:\\Users\\User\\Desktop\\barcus\\public\\index.php')
CRITICAL - 2024-02-23 06:09:57 --> ErrorException: Undefined array key "featureImg"
in APPPATH\Views\public\blog_details.php on line 8.
 1 APPPATH\Views\public\blog_details.php(8): CodeIgniter\Debug\Exceptions->errorHandler(2, 'Undefined array key "featureImg"', 'C:\\Users\\User\\Desktop\\barcus\\app\\Views\\public\\blog_details.php', 8)
 2 SYSTEMPATH\View\View.php(228): include('C:\\Users\\User\\Desktop\\barcus\\app\\Views\\public\\blog_details.php')
 3 SYSTEMPATH\View\View.php(231): CodeIgniter\View\View->CodeIgniter\View\{closure}()
 4 SYSTEMPATH\Common.php(1178): CodeIgniter\View\View->render('public/blog_details', [], true)
 5 APPPATH\Controllers\PublicController.php(261): view('public/blog_details', [...])
 6 SYSTEMPATH\CodeIgniter.php(941): App\Controllers\PublicController->blog_details('5')
 7 SYSTEMPATH\CodeIgniter.php(502): CodeIgniter\CodeIgniter->runController(Object(App\Controllers\PublicController))
 8 SYSTEMPATH\CodeIgniter.php(361): CodeIgniter\CodeIgniter->handleRequest(null, Object(Config\Cache), false)
 9 FCPATH\index.php(79): CodeIgniter\CodeIgniter->run()
10 SYSTEMPATH\Commands\Server\rewrite.php(47): require_once('C:\\Users\\User\\Desktop\\barcus\\public\\index.php')
CRITICAL - 2024-02-23 06:18:57 --> ErrorException: Attempt to read property "title" on array
in APPPATH\Views\public\blog_details.php on line 19.
 1 APPPATH\Views\public\blog_details.php(19): CodeIgniter\Debug\Exceptions->errorHandler(2, 'Attempt to read property "title" on array', 'C:\\Users\\User\\Desktop\\barcus\\app\\Views\\public\\blog_details.php', 19)
 2 SYSTEMPATH\View\View.php(228): include('C:\\Users\\User\\Desktop\\barcus\\app\\Views\\public\\blog_details.php')
 3 SYSTEMPATH\View\View.php(231): CodeIgniter\View\View->CodeIgniter\View\{closure}()
 4 SYSTEMPATH\Common.php(1178): CodeIgniter\View\View->render('public/blog_details', [], true)
 5 APPPATH\Controllers\PublicController.php(261): view('public/blog_details', [...])
 6 SYSTEMPATH\CodeIgniter.php(941): App\Controllers\PublicController->blog_details('5')
 7 SYSTEMPATH\CodeIgniter.php(502): CodeIgniter\CodeIgniter->runController(Object(App\Controllers\PublicController))
 8 SYSTEMPATH\CodeIgniter.php(361): CodeIgniter\CodeIgniter->handleRequest(null, Object(Config\Cache), false)
 9 FCPATH\index.php(79): CodeIgniter\CodeIgniter->run()
10 SYSTEMPATH\Commands\Server\rewrite.php(47): require_once('C:\\Users\\User\\Desktop\\barcus\\public\\index.php')
ERROR - 2024-02-23 06:26:06 --> Error connecting to the database: mysqli_sql_exception: No connection could be made because the target machine actively refused it in C:\Users\User\Desktop\barcus\system\Database\MySQLi\Connection.php:185
Stack trace:
#0 C:\Users\User\Desktop\barcus\system\Database\MySQLi\Connection.php(185): mysqli->real_connect('localhost', 'root', '', 'barcus_db', 3306, '', 0)
#1 C:\Users\User\Desktop\barcus\system\Database\BaseConnection.php(392): CodeIgniter\Database\MySQLi\Connection->connect(false)
#2 C:\Users\User\Desktop\barcus\system\Database\BaseConnection.php(575): CodeIgniter\Database\BaseConnection->initialize()
#3 C:\Users\User\Desktop\barcus\system\Database\BaseBuilder.php(1616): CodeIgniter\Database\BaseConnection->query('SELECT *\nFROM `...', Array, false)
#4 C:\Users\User\Desktop\barcus\system\Model.php(242): CodeIgniter\Database\BaseBuilder->get()
#5 C:\Users\User\Desktop\barcus\system\BaseModel.php(638): CodeIgniter\Model->doFindAll(0, 0)
#6 C:\Users\User\Desktop\barcus\app\Controllers\PublicController.php(20): CodeIgniter\BaseModel->findAll()
#7 C:\Users\User\Desktop\barcus\system\CodeIgniter.php(941): App\Controllers\PublicController->index()
#8 C:\Users\User\Desktop\barcus\system\CodeIgniter.php(502): CodeIgniter\CodeIgniter->runController(Object(App\Controllers\PublicController))
#9 C:\Users\User\Desktop\barcus\system\CodeIgniter.php(361): CodeIgniter\CodeIgniter->handleRequest(NULL, Object(Config\Cache), false)
#10 C:\Users\User\Desktop\barcus\public\index.php(79): CodeIgniter\CodeIgniter->run()
#11 C:\Users\User\Desktop\barcus\system\Commands\Server\rewrite.php(47): require_once('C:\\Users\\User\\D...')
#12 {main}

Next CodeIgniter\Database\Exceptions\DatabaseException: No connection could be made because the target machine actively refused it in C:\Users\User\Desktop\barcus\system\Database\MySQLi\Connection.php:229
Stack trace:
#0 C:\Users\User\Desktop\barcus\system\Database\BaseConnection.php(392): CodeIgniter\Database\MySQLi\Connection->connect(false)
#1 C:\Users\User\Desktop\barcus\system\Database\BaseConnection.php(575): CodeIgniter\Database\BaseConnection->initialize()
#2 C:\Users\User\Desktop\barcus\system\Database\BaseBuilder.php(1616): CodeIgniter\Database\BaseConnection->query('SELECT *\nFROM `...', Array, false)
#3 C:\Users\User\Desktop\barcus\system\Model.php(242): CodeIgniter\Database\BaseBuilder->get()
#4 C:\Users\User\Desktop\barcus\system\BaseModel.php(638): CodeIgniter\Model->doFindAll(0, 0)
#5 C:\Users\User\Desktop\barcus\app\Controllers\PublicController.php(20): CodeIgniter\BaseModel->findAll()
#6 C:\Users\User\Desktop\barcus\system\CodeIgniter.php(941): App\Controllers\PublicController->index()
#7 C:\Users\User\Desktop\barcus\system\CodeIgniter.php(502): CodeIgniter\CodeIgniter->runController(Object(App\Controllers\PublicController))
#8 C:\Users\User\Desktop\barcus\system\CodeIgniter.php(361): CodeIgniter\CodeIgniter->handleRequest(NULL, Object(Config\Cache), false)
#9 C:\Users\User\Desktop\barcus\public\index.php(79): CodeIgniter\CodeIgniter->run()
#10 C:\Users\User\Desktop\barcus\system\Commands\Server\rewrite.php(47): require_once('C:\\Users\\User\\D...')
#11 {main}
CRITICAL - 2024-02-23 06:26:06 --> CodeIgniter\Database\Exceptions\DatabaseException: Unable to connect to the database.
Main connection [MySQLi]: No connection could be made because the target machine actively refused it
in SYSTEMPATH\Database\BaseConnection.php on line 428.
 1 SYSTEMPATH\Database\BaseConnection.php(575): CodeIgniter\Database\BaseConnection->initialize()
 2 SYSTEMPATH\Database\BaseBuilder.php(1616): CodeIgniter\Database\BaseConnection->query('SELECT *
FROM `menu`
WHERE `menuStatus` = :menuStatus:', [...], false)
 3 SYSTEMPATH\Model.php(242): CodeIgniter\Database\BaseBuilder->get()
 4 SYSTEMPATH\BaseModel.php(638): CodeIgniter\Model->doFindAll(0, 0)
 5 APPPATH\Controllers\PublicController.php(20): CodeIgniter\BaseModel->findAll()
 6 SYSTEMPATH\CodeIgniter.php(941): App\Controllers\PublicController->index()
 7 SYSTEMPATH\CodeIgniter.php(502): CodeIgniter\CodeIgniter->runController(Object(App\Controllers\PublicController))
 8 SYSTEMPATH\CodeIgniter.php(361): CodeIgniter\CodeIgniter->handleRequest(null, Object(Config\Cache), false)
 9 FCPATH\index.php(79): CodeIgniter\CodeIgniter->run()
10 SYSTEMPATH\Commands\Server\rewrite.php(47): require_once('C:\\Users\\User\\Desktop\\barcus\\public\\index.php')
ERROR - 2024-02-23 06:26:11 --> Error connecting to the database: mysqli_sql_exception: No connection could be made because the target machine actively refused it in C:\Users\User\Desktop\barcus\system\Database\MySQLi\Connection.php:185
Stack trace:
#0 C:\Users\User\Desktop\barcus\system\Database\MySQLi\Connection.php(185): mysqli->real_connect('localhost', 'root', '', 'barcus_db', 3306, '', 0)
#1 C:\Users\User\Desktop\barcus\system\Database\BaseConnection.php(392): CodeIgniter\Database\MySQLi\Connection->connect(false)
#2 C:\Users\User\Desktop\barcus\system\Database\BaseConnection.php(575): CodeIgniter\Database\BaseConnection->initialize()
#3 C:\Users\User\Desktop\barcus\system\Database\BaseBuilder.php(1616): CodeIgniter\Database\BaseConnection->query('SELECT *\nFROM `...', Array, false)
#4 C:\Users\User\Desktop\barcus\system\Model.php(242): CodeIgniter\Database\BaseBuilder->get()
#5 C:\Users\User\Desktop\barcus\system\BaseModel.php(638): CodeIgniter\Model->doFindAll(0, 0)
#6 C:\Users\User\Desktop\barcus\app\Controllers\PublicController.php(20): CodeIgniter\BaseModel->findAll()
#7 C:\Users\User\Desktop\barcus\system\CodeIgniter.php(941): App\Controllers\PublicController->index()
#8 C:\Users\User\Desktop\barcus\system\CodeIgniter.php(502): CodeIgniter\CodeIgniter->runController(Object(App\Controllers\PublicController))
#9 C:\Users\User\Desktop\barcus\system\CodeIgniter.php(361): CodeIgniter\CodeIgniter->handleRequest(NULL, Object(Config\Cache), false)
#10 C:\Users\User\Desktop\barcus\public\index.php(79): CodeIgniter\CodeIgniter->run()
#11 C:\Users\User\Desktop\barcus\system\Commands\Server\rewrite.php(47): require_once('C:\\Users\\User\\D...')
#12 {main}

Next CodeIgniter\Database\Exceptions\DatabaseException: No connection could be made because the target machine actively refused it in C:\Users\User\Desktop\barcus\system\Database\MySQLi\Connection.php:229
Stack trace:
#0 C:\Users\User\Desktop\barcus\system\Database\BaseConnection.php(392): CodeIgniter\Database\MySQLi\Connection->connect(false)
#1 C:\Users\User\Desktop\barcus\system\Database\BaseConnection.php(575): CodeIgniter\Database\BaseConnection->initialize()
#2 C:\Users\User\Desktop\barcus\system\Database\BaseBuilder.php(1616): CodeIgniter\Database\BaseConnection->query('SELECT *\nFROM `...', Array, false)
#3 C:\Users\User\Desktop\barcus\system\Model.php(242): CodeIgniter\Database\BaseBuilder->get()
#4 C:\Users\User\Desktop\barcus\system\BaseModel.php(638): CodeIgniter\Model->doFindAll(0, 0)
#5 C:\Users\User\Desktop\barcus\app\Controllers\PublicController.php(20): CodeIgniter\BaseModel->findAll()
#6 C:\Users\User\Desktop\barcus\system\CodeIgniter.php(941): App\Controllers\PublicController->index()
#7 C:\Users\User\Desktop\barcus\system\CodeIgniter.php(502): CodeIgniter\CodeIgniter->runController(Object(App\Controllers\PublicController))
#8 C:\Users\User\Desktop\barcus\system\CodeIgniter.php(361): CodeIgniter\CodeIgniter->handleRequest(NULL, Object(Config\Cache), false)
#9 C:\Users\User\Desktop\barcus\public\index.php(79): CodeIgniter\CodeIgniter->run()
#10 C:\Users\User\Desktop\barcus\system\Commands\Server\rewrite.php(47): require_once('C:\\Users\\User\\D...')
#11 {main}
CRITICAL - 2024-02-23 06:26:11 --> CodeIgniter\Database\Exceptions\DatabaseException: Unable to connect to the database.
Main connection [MySQLi]: No connection could be made because the target machine actively refused it
in SYSTEMPATH\Database\BaseConnection.php on line 428.
 1 SYSTEMPATH\Database\BaseConnection.php(575): CodeIgniter\Database\BaseConnection->initialize()
 2 SYSTEMPATH\Database\BaseBuilder.php(1616): CodeIgniter\Database\BaseConnection->query('SELECT *
FROM `menu`
WHERE `menuStatus` = :menuStatus:', [...], false)
 3 SYSTEMPATH\Model.php(242): CodeIgniter\Database\BaseBuilder->get()
 4 SYSTEMPATH\BaseModel.php(638): CodeIgniter\Model->doFindAll(0, 0)
 5 APPPATH\Controllers\PublicController.php(20): CodeIgniter\BaseModel->findAll()
 6 SYSTEMPATH\CodeIgniter.php(941): App\Controllers\PublicController->index()
 7 SYSTEMPATH\CodeIgniter.php(502): CodeIgniter\CodeIgniter->runController(Object(App\Controllers\PublicController))
 8 SYSTEMPATH\CodeIgniter.php(361): CodeIgniter\CodeIgniter->handleRequest(null, Object(Config\Cache), false)
 9 FCPATH\index.php(79): CodeIgniter\CodeIgniter->run()
10 SYSTEMPATH\Commands\Server\rewrite.php(47): require_once('C:\\Users\\User\\Desktop\\barcus\\public\\index.php')
INFO - 2024-02-23 06:27:13 --> Session: Class initialized using 'CodeIgniter\Session\Handlers\FileHandler' driver.
INFO - 2024-02-23 06:34:18 --> Session: Class initialized using 'CodeIgniter\Session\Handlers\FileHandler' driver.
INFO - 2024-02-23 06:34:29 --> Session: Class initialized using 'CodeIgniter\Session\Handlers\FileHandler' driver.
INFO - 2024-02-23 06:36:58 --> Session: Class initialized using 'CodeIgniter\Session\Handlers\FileHandler' driver.
INFO - 2024-02-23 06:42:15 --> Session: Class initialized using 'CodeIgniter\Session\Handlers\FileHandler' driver.
INFO - 2024-02-23 06:42:15 --> Session: Class initialized using 'CodeIgniter\Session\Handlers\FileHandler' driver.
INFO - 2024-02-23 06:55:19 --> Session: Class initialized using 'CodeIgniter\Session\Handlers\FileHandler' driver.
INFO - 2024-02-23 06:55:23 --> Session: Class initialized using 'CodeIgniter\Session\Handlers\FileHandler' driver.
INFO - 2024-02-23 06:55:23 --> Session: Class initialized using 'CodeIgniter\Session\Handlers\FileHandler' driver.
INFO - 2024-02-23 06:55:32 --> Session: Class initialized using 'CodeIgniter\Session\Handlers\FileHandler' driver.
INFO - 2024-02-23 06:55:42 --> Session: Class initialized using 'CodeIgniter\Session\Handlers\FileHandler' driver.
ERROR - 2024-02-23 07:42:15 --> Error connecting to the database: mysqli_sql_exception: No connection could be made because the target machine actively refused it in C:\Users\User\Desktop\barcus\system\Database\MySQLi\Connection.php:185
Stack trace:
#0 C:\Users\User\Desktop\barcus\system\Database\MySQLi\Connection.php(185): mysqli->real_connect('localhost', 'root', '', 'barcus_db', 3306, '', 0)
#1 C:\Users\User\Desktop\barcus\system\Database\BaseConnection.php(392): CodeIgniter\Database\MySQLi\Connection->connect(false)
#2 C:\Users\User\Desktop\barcus\system\Database\BaseConnection.php(575): CodeIgniter\Database\BaseConnection->initialize()
#3 C:\Users\User\Desktop\barcus\system\Database\BaseBuilder.php(1616): CodeIgniter\Database\BaseConnection->query('SELECT *\nFROM `...', Array, false)
#4 C:\Users\User\Desktop\barcus\system\Model.php(242): CodeIgniter\Database\BaseBuilder->get()
#5 C:\Users\User\Desktop\barcus\system\BaseModel.php(638): CodeIgniter\Model->doFindAll(0, 0)
#6 C:\Users\User\Desktop\barcus\app\Controllers\PublicController.php(20): CodeIgniter\BaseModel->findAll()
#7 C:\Users\User\Desktop\barcus\system\CodeIgniter.php(941): App\Controllers\PublicController->index()
#8 C:\Users\User\Desktop\barcus\system\CodeIgniter.php(502): CodeIgniter\CodeIgniter->runController(Object(App\Controllers\PublicController))
#9 C:\Users\User\Desktop\barcus\system\CodeIgniter.php(361): CodeIgniter\CodeIgniter->handleRequest(NULL, Object(Config\Cache), false)
#10 C:\Users\User\Desktop\barcus\public\index.php(79): CodeIgniter\CodeIgniter->run()
#11 C:\Users\User\Desktop\barcus\system\Commands\Server\rewrite.php(47): require_once('C:\\Users\\User\\D...')
#12 {main}

Next CodeIgniter\Database\Exceptions\DatabaseException: No connection could be made because the target machine actively refused it in C:\Users\User\Desktop\barcus\system\Database\MySQLi\Connection.php:229
Stack trace:
#0 C:\Users\User\Desktop\barcus\system\Database\BaseConnection.php(392): CodeIgniter\Database\MySQLi\Connection->connect(false)
#1 C:\Users\User\Desktop\barcus\system\Database\BaseConnection.php(575): CodeIgniter\Database\BaseConnection->initialize()
#2 C:\Users\User\Desktop\barcus\system\Database\BaseBuilder.php(1616): CodeIgniter\Database\BaseConnection->query('SELECT *\nFROM `...', Array, false)
#3 C:\Users\User\Desktop\barcus\system\Model.php(242): CodeIgniter\Database\BaseBuilder->get()
#4 C:\Users\User\Desktop\barcus\system\BaseModel.php(638): CodeIgniter\Model->doFindAll(0, 0)
#5 C:\Users\User\Desktop\barcus\app\Controllers\PublicController.php(20): CodeIgniter\BaseModel->findAll()
#6 C:\Users\User\Desktop\barcus\system\CodeIgniter.php(941): App\Controllers\PublicController->index()
#7 C:\Users\User\Desktop\barcus\system\CodeIgniter.php(502): CodeIgniter\CodeIgniter->runController(Object(App\Controllers\PublicController))
#8 C:\Users\User\Desktop\barcus\system\CodeIgniter.php(361): CodeIgniter\CodeIgniter->handleRequest(NULL, Object(Config\Cache), false)
#9 C:\Users\User\Desktop\barcus\public\index.php(79): CodeIgniter\CodeIgniter->run()
#10 C:\Users\User\Desktop\barcus\system\Commands\Server\rewrite.php(47): require_once('C:\\Users\\User\\D...')
#11 {main}
CRITICAL - 2024-02-23 07:42:15 --> CodeIgniter\Database\Exceptions\DatabaseException: Unable to connect to the database.
Main connection [MySQLi]: No connection could be made because the target machine actively refused it
in SYSTEMPATH\Database\BaseConnection.php on line 428.
 1 SYSTEMPATH\Database\BaseConnection.php(575): CodeIgniter\Database\BaseConnection->initialize()
 2 SYSTEMPATH\Database\BaseBuilder.php(1616): CodeIgniter\Database\BaseConnection->query('SELECT *
FROM `menu`
WHERE `menuStatus` = :menuStatus:', [...], false)
 3 SYSTEMPATH\Model.php(242): CodeIgniter\Database\BaseBuilder->get()
 4 SYSTEMPATH\BaseModel.php(638): CodeIgniter\Model->doFindAll(0, 0)
 5 APPPATH\Controllers\PublicController.php(20): CodeIgniter\BaseModel->findAll()
 6 SYSTEMPATH\CodeIgniter.php(941): App\Controllers\PublicController->index()
 7 SYSTEMPATH\CodeIgniter.php(502): CodeIgniter\CodeIgniter->runController(Object(App\Controllers\PublicController))
 8 SYSTEMPATH\CodeIgniter.php(361): CodeIgniter\CodeIgniter->handleRequest(null, Object(Config\Cache), false)
 9 FCPATH\index.php(79): CodeIgniter\CodeIgniter->run()
10 SYSTEMPATH\Commands\Server\rewrite.php(47): require_once('C:\\Users\\User\\Desktop\\barcus\\public\\index.php')
INFO - 2024-02-23 07:43:25 --> Session: Class initialized using 'CodeIgniter\Session\Handlers\FileHandler' driver.
INFO - 2024-02-23 07:45:19 --> Session: Class initialized using 'CodeIgniter\Session\Handlers\FileHandler' driver.
INFO - 2024-02-23 07:45:25 --> Session: Class initialized using 'CodeIgniter\Session\Handlers\FileHandler' driver.
INFO - 2024-02-23 07:45:25 --> Session: Class initialized using 'CodeIgniter\Session\Handlers\FileHandler' driver.
INFO - 2024-02-23 07:45:26 --> Session: Class initialized using 'CodeIgniter\Session\Handlers\FileHandler' driver.
INFO - 2024-02-23 07:45:30 --> Session: Class initialized using 'CodeIgniter\Session\Handlers\FileHandler' driver.
INFO - 2024-02-23 07:51:27 --> Session: Class initialized using 'CodeIgniter\Session\Handlers\FileHandler' driver.
INFO - 2024-02-23 07:52:08 --> Session: Class initialized using 'CodeIgniter\Session\Handlers\FileHandler' driver.
INFO - 2024-02-23 07:52:17 --> Session: Class initialized using 'CodeIgniter\Session\Handlers\FileHandler' driver.
INFO - 2024-02-23 07:52:17 --> Session: Class initialized using 'CodeIgniter\Session\Handlers\FileHandler' driver.
INFO - 2024-02-23 07:52:28 --> Session: Class initialized using 'CodeIgniter\Session\Handlers\FileHandler' driver.
INFO - 2024-02-23 07:52:28 --> Session: Class initialized using 'CodeIgniter\Session\Handlers\FileHandler' driver.
INFO - 2024-02-23 07:52:44 --> Session: Class initialized using 'CodeIgniter\Session\Handlers\FileHandler' driver.
INFO - 2024-02-23 07:52:44 --> Session: Class initialized using 'CodeIgniter\Session\Handlers\FileHandler' driver.
INFO - 2024-02-23 07:53:04 --> Session: Class initialized using 'CodeIgniter\Session\Handlers\FileHandler' driver.
INFO - 2024-02-23 07:53:05 --> Session: Class initialized using 'CodeIgniter\Session\Handlers\FileHandler' driver.
INFO - 2024-02-23 07:54:29 --> Session: Class initialized using 'CodeIgniter\Session\Handlers\FileHandler' driver.
INFO - 2024-02-23 07:54:35 --> Session: Class initialized using 'CodeIgniter\Session\Handlers\FileHandler' driver.
INFO - 2024-02-23 07:54:36 --> Session: Class initialized using 'CodeIgniter\Session\Handlers\FileHandler' driver.
INFO - 2024-02-23 07:54:58 --> Session: Class initialized using 'CodeIgniter\Session\Handlers\FileHandler' driver.
INFO - 2024-02-23 07:55:06 --> Session: Class initialized using 'CodeIgniter\Session\Handlers\FileHandler' driver.
