INFO - 2024-02-16 00:00:59 --> Session: Class initialized using 'CodeIgniter\Session\Handlers\FileHandler' driver.
INFO - 2024-02-16 00:01:02 --> Session: Class initialized using 'CodeIgniter\Session\Handlers\FileHandler' driver.
INFO - 2024-02-16 00:01:14 --> Session: Class initialized using 'CodeIgniter\Session\Handlers\FileHandler' driver.
INFO - 2024-02-16 00:01:17 --> Session: Class initialized using 'CodeIgniter\Session\Handlers\FileHandler' driver.
INFO - 2024-02-16 00:01:23 --> Session: Class initialized using 'CodeIgniter\Session\Handlers\FileHandler' driver.
INFO - 2024-02-16 00:01:34 --> Session: Class initialized using 'CodeIgniter\Session\Handlers\FileHandler' driver.
INFO - 2024-02-16 00:01:37 --> Session: Class initialized using 'CodeIgniter\Session\Handlers\FileHandler' driver.
INFO - 2024-02-16 00:01:42 --> Session: Class initialized using 'CodeIgniter\Session\Handlers\FileHandler' driver.
INFO - 2024-02-16 00:02:05 --> Session: Class initialized using 'CodeIgniter\Session\Handlers\FileHandler' driver.
INFO - 2024-02-16 00:02:07 --> Session: Class initialized using 'CodeIgniter\Session\Handlers\FileHandler' driver.
INFO - 2024-02-16 00:02:13 --> Session: Class initialized using 'CodeIgniter\Session\Handlers\FileHandler' driver.
INFO - 2024-02-16 00:02:21 --> Session: Class initialized using 'CodeIgniter\Session\Handlers\FileHandler' driver.
INFO - 2024-02-16 00:02:23 --> Session: Class initialized using 'CodeIgniter\Session\Handlers\FileHandler' driver.
INFO - 2024-02-16 00:02:25 --> Session: Class initialized using 'CodeIgniter\Session\Handlers\FileHandler' driver.
ERROR - 2024-02-16 00:32:51 --> Error connecting to the database: mysqli_sql_exception: No connection could be made because the target machine actively refused it in C:\Users\User\Desktop\barcus\system\Database\MySQLi\Connection.php:185
Stack trace:
#0 C:\Users\User\Desktop\barcus\system\Database\MySQLi\Connection.php(185): mysqli->real_connect('localhost', 'root', '', 'barcus_db', 3306, '', 0)
#1 C:\Users\User\Desktop\barcus\system\Database\BaseConnection.php(392): CodeIgniter\Database\MySQLi\Connection->connect(false)
#2 C:\Users\User\Desktop\barcus\system\Database\BaseConnection.php(575): CodeIgniter\Database\BaseConnection->initialize()
#3 C:\Users\User\Desktop\barcus\system\Database\BaseBuilder.php(1616): CodeIgniter\Database\BaseConnection->query('SELECT *\nFROM `...', Array, false)
#4 C:\Users\User\Desktop\barcus\system\Model.php(242): CodeIgniter\Database\BaseBuilder->get()
#5 C:\Users\User\Desktop\barcus\system\BaseModel.php(638): CodeIgniter\Model->doFindAll(0, 0)
#6 C:\Users\User\Desktop\barcus\app\Controllers\MenuController.php(17): CodeIgniter\BaseModel->findAll()
#7 C:\Users\User\Desktop\barcus\system\CodeIgniter.php(941): App\Controllers\MenuController->index()
#8 C:\Users\User\Desktop\barcus\system\CodeIgniter.php(502): CodeIgniter\CodeIgniter->runController(Object(App\Controllers\MenuController))
#9 C:\Users\User\Desktop\barcus\system\CodeIgniter.php(361): CodeIgniter\CodeIgniter->handleRequest(NULL, Object(Config\Cache), false)
#10 C:\Users\User\Desktop\barcus\public\index.php(79): CodeIgniter\CodeIgniter->run()
#11 C:\Users\User\Desktop\barcus\system\Commands\Server\rewrite.php(47): require_once('C:\\Users\\User\\D...')
#12 {main}

Next CodeIgniter\Database\Exceptions\DatabaseException: No connection could be made because the target machine actively refused it in C:\Users\User\Desktop\barcus\system\Database\MySQLi\Connection.php:229
Stack trace:
#0 C:\Users\User\Desktop\barcus\system\Database\BaseConnection.php(392): CodeIgniter\Database\MySQLi\Connection->connect(false)
#1 C:\Users\User\Desktop\barcus\system\Database\BaseConnection.php(575): CodeIgniter\Database\BaseConnection->initialize()
#2 C:\Users\User\Desktop\barcus\system\Database\BaseBuilder.php(1616): CodeIgniter\Database\BaseConnection->query('SELECT *\nFROM `...', Array, false)
#3 C:\Users\User\Desktop\barcus\system\Model.php(242): CodeIgniter\Database\BaseBuilder->get()
#4 C:\Users\User\Desktop\barcus\system\BaseModel.php(638): CodeIgniter\Model->doFindAll(0, 0)
#5 C:\Users\User\Desktop\barcus\app\Controllers\MenuController.php(17): CodeIgniter\BaseModel->findAll()
#6 C:\Users\User\Desktop\barcus\system\CodeIgniter.php(941): App\Controllers\MenuController->index()
#7 C:\Users\User\Desktop\barcus\system\CodeIgniter.php(502): CodeIgniter\CodeIgniter->runController(Object(App\Controllers\MenuController))
#8 C:\Users\User\Desktop\barcus\system\CodeIgniter.php(361): CodeIgniter\CodeIgniter->handleRequest(NULL, Object(Config\Cache), false)
#9 C:\Users\User\Desktop\barcus\public\index.php(79): CodeIgniter\CodeIgniter->run()
#10 C:\Users\User\Desktop\barcus\system\Commands\Server\rewrite.php(47): require_once('C:\\Users\\User\\D...')
#11 {main}
CRITICAL - 2024-02-16 00:32:51 --> CodeIgniter\Database\Exceptions\DatabaseException: Unable to connect to the database.
Main connection [MySQLi]: No connection could be made because the target machine actively refused it
in SYSTEMPATH\Database\BaseConnection.php on line 428.
 1 SYSTEMPATH\Database\BaseConnection.php(575): CodeIgniter\Database\BaseConnection->initialize()
 2 SYSTEMPATH\Database\BaseBuilder.php(1616): CodeIgniter\Database\BaseConnection->query('SELECT *
FROM `menu`', [], false)
 3 SYSTEMPATH\Model.php(242): CodeIgniter\Database\BaseBuilder->get()
 4 SYSTEMPATH\BaseModel.php(638): CodeIgniter\Model->doFindAll(0, 0)
 5 APPPATH\Controllers\MenuController.php(17): CodeIgniter\BaseModel->findAll()
 6 SYSTEMPATH\CodeIgniter.php(941): App\Controllers\MenuController->index()
 7 SYSTEMPATH\CodeIgniter.php(502): CodeIgniter\CodeIgniter->runController(Object(App\Controllers\MenuController))
 8 SYSTEMPATH\CodeIgniter.php(361): CodeIgniter\CodeIgniter->handleRequest(null, Object(Config\Cache), false)
 9 FCPATH\index.php(79): CodeIgniter\CodeIgniter->run()
10 SYSTEMPATH\Commands\Server\rewrite.php(47): require_once('C:\\Users\\User\\Desktop\\barcus\\public\\index.php')
CRITICAL - 2024-02-16 01:00:45 --> Error: Class "App\Controllers\MenuModel" not found
in APPPATH\Controllers\ServiceController.php on line 19.
 1 SYSTEMPATH\CodeIgniter.php(941): App\Controllers\ServiceController->index()
 2 SYSTEMPATH\CodeIgniter.php(502): CodeIgniter\CodeIgniter->runController(Object(App\Controllers\ServiceController))
 3 SYSTEMPATH\CodeIgniter.php(361): CodeIgniter\CodeIgniter->handleRequest(null, Object(Config\Cache), false)
 4 FCPATH\index.php(79): CodeIgniter\CodeIgniter->run()
 5 SYSTEMPATH\Commands\Server\rewrite.php(47): require_once('C:\\Users\\User\\Desktop\\barcus\\public\\index.php')
CRITICAL - 2024-02-16 01:01:27 --> Error: Class "App\Models\ServiceModel" not found
in APPPATH\Controllers\ServiceController.php on line 19.
 1 SYSTEMPATH\CodeIgniter.php(941): App\Controllers\ServiceController->index()
 2 SYSTEMPATH\CodeIgniter.php(502): CodeIgniter\CodeIgniter->runController(Object(App\Controllers\ServiceController))
 3 SYSTEMPATH\CodeIgniter.php(361): CodeIgniter\CodeIgniter->handleRequest(null, Object(Config\Cache), false)
 4 FCPATH\index.php(79): CodeIgniter\CodeIgniter->run()
 5 SYSTEMPATH\Commands\Server\rewrite.php(47): require_once('C:\\Users\\User\\Desktop\\barcus\\public\\index.php')
INFO - 2024-02-16 02:16:51 --> Session: Class initialized using 'CodeIgniter\Session\Handlers\FileHandler' driver.
INFO - 2024-02-16 02:21:46 --> Session: Class initialized using 'CodeIgniter\Session\Handlers\FileHandler' driver.
INFO - 2024-02-16 02:25:25 --> Session: Class initialized using 'CodeIgniter\Session\Handlers\FileHandler' driver.
INFO - 2024-02-16 02:32:08 --> Session: Class initialized using 'CodeIgniter\Session\Handlers\FileHandler' driver.
INFO - 2024-02-16 02:32:11 --> Session: Class initialized using 'CodeIgniter\Session\Handlers\FileHandler' driver.
INFO - 2024-02-16 02:32:59 --> Session: Class initialized using 'CodeIgniter\Session\Handlers\FileHandler' driver.
INFO - 2024-02-16 03:34:03 --> Session: Class initialized using 'CodeIgniter\Session\Handlers\FileHandler' driver.
INFO - 2024-02-16 03:34:05 --> Session: Class initialized using 'CodeIgniter\Session\Handlers\FileHandler' driver.
CRITICAL - 2024-02-16 03:44:14 --> BadMethodCallException: Call to undefined method App\Models\ServiceModel::grouBy
in SYSTEMPATH\Model.php on line 874.
 1 APPPATH\Controllers\ServiceController.php(25): CodeIgniter\Model->__call('grouBy', [...])
 2 SYSTEMPATH\CodeIgniter.php(941): App\Controllers\ServiceController->index()
 3 SYSTEMPATH\CodeIgniter.php(502): CodeIgniter\CodeIgniter->runController(Object(App\Controllers\ServiceController))
 4 SYSTEMPATH\CodeIgniter.php(361): CodeIgniter\CodeIgniter->handleRequest(null, Object(Config\Cache), false)
 5 FCPATH\index.php(79): CodeIgniter\CodeIgniter->run()
 6 SYSTEMPATH\Commands\Server\rewrite.php(47): require_once('C:\\Users\\User\\Desktop\\barcus\\public\\index.php')
CRITICAL - 2024-02-16 03:44:47 --> BadMethodCallException: Call to undefined method App\Models\ServiceModel::getResult
in SYSTEMPATH\Model.php on line 874.
 1 APPPATH\Controllers\ServiceController.php(26): CodeIgniter\Model->__call('getResult', [])
 2 SYSTEMPATH\CodeIgniter.php(941): App\Controllers\ServiceController->index()
 3 SYSTEMPATH\CodeIgniter.php(502): CodeIgniter\CodeIgniter->runController(Object(App\Controllers\ServiceController))
 4 SYSTEMPATH\CodeIgniter.php(361): CodeIgniter\CodeIgniter->handleRequest(null, Object(Config\Cache), false)
 5 FCPATH\index.php(79): CodeIgniter\CodeIgniter->run()
 6 SYSTEMPATH\Commands\Server\rewrite.php(47): require_once('C:\\Users\\User\\Desktop\\barcus\\public\\index.php')
CRITICAL - 2024-02-16 03:45:15 --> BadMethodCallException: Call to undefined method App\Models\ServiceModel::getResults
in SYSTEMPATH\Model.php on line 874.
 1 APPPATH\Controllers\ServiceController.php(26): CodeIgniter\Model->__call('getResults', [])
 2 SYSTEMPATH\CodeIgniter.php(941): App\Controllers\ServiceController->index()
 3 SYSTEMPATH\CodeIgniter.php(502): CodeIgniter\CodeIgniter->runController(Object(App\Controllers\ServiceController))
 4 SYSTEMPATH\CodeIgniter.php(361): CodeIgniter\CodeIgniter->handleRequest(null, Object(Config\Cache), false)
 5 FCPATH\index.php(79): CodeIgniter\CodeIgniter->run()
 6 SYSTEMPATH\Commands\Server\rewrite.php(47): require_once('C:\\Users\\User\\Desktop\\barcus\\public\\index.php')
ERROR - 2024-02-16 03:45:46 --> mysqli_sql_exception: Unknown column 'service.serviceMenu' in 'on clause' in C:\Users\User\Desktop\barcus\system\Database\MySQLi\Connection.php:306
Stack trace:
#0 C:\Users\User\Desktop\barcus\system\Database\MySQLi\Connection.php(306): mysqli->query('SELECT *\nFROM `...', 0)
#1 C:\Users\User\Desktop\barcus\system\Database\BaseConnection.php(693): CodeIgniter\Database\MySQLi\Connection->execute('SELECT *\nFROM `...')
#2 C:\Users\User\Desktop\barcus\system\Database\BaseConnection.php(607): CodeIgniter\Database\BaseConnection->simpleQuery('SELECT *\nFROM `...')
#3 C:\Users\User\Desktop\barcus\system\Database\BaseBuilder.php(1616): CodeIgniter\Database\BaseConnection->query('SELECT *\nFROM `...', Array, false)
#4 C:\Users\User\Desktop\barcus\system\Model.php(872): CodeIgniter\Database\BaseBuilder->get()
#5 C:\Users\User\Desktop\barcus\app\Controllers\ServiceController.php(26): CodeIgniter\Model->__call('get', Array)
#6 C:\Users\User\Desktop\barcus\system\CodeIgniter.php(941): App\Controllers\ServiceController->index()
#7 C:\Users\User\Desktop\barcus\system\CodeIgniter.php(502): CodeIgniter\CodeIgniter->runController(Object(App\Controllers\ServiceController))
#8 C:\Users\User\Desktop\barcus\system\CodeIgniter.php(361): CodeIgniter\CodeIgniter->handleRequest(NULL, Object(Config\Cache), false)
#9 C:\Users\User\Desktop\barcus\public\index.php(79): CodeIgniter\CodeIgniter->run()
#10 C:\Users\User\Desktop\barcus\system\Commands\Server\rewrite.php(47): require_once('C:\\Users\\User\\D...')
#11 {main}
CRITICAL - 2024-02-16 03:45:46 --> CodeIgniter\Database\Exceptions\DatabaseException: Unknown column 'service.serviceMenu' in 'on clause'
in SYSTEMPATH\Database\BaseConnection.php on line 647.
 1 SYSTEMPATH\Database\BaseBuilder.php(1616): CodeIgniter\Database\BaseConnection->query('SELECT *
FROM `services`
JOIN `menu` ON `menu`.`menuId` = `service`.`serviceMenu`
GROUP BY `menue`.`menuId`', [], false)
 2 SYSTEMPATH\Model.php(872): CodeIgniter\Database\BaseBuilder->get()
 3 APPPATH\Controllers\ServiceController.php(26): CodeIgniter\Model->__call('get', [])
 4 SYSTEMPATH\CodeIgniter.php(941): App\Controllers\ServiceController->index()
 5 SYSTEMPATH\CodeIgniter.php(502): CodeIgniter\CodeIgniter->runController(Object(App\Controllers\ServiceController))
 6 SYSTEMPATH\CodeIgniter.php(361): CodeIgniter\CodeIgniter->handleRequest(null, Object(Config\Cache), false)
 7 FCPATH\index.php(79): CodeIgniter\CodeIgniter->run()
 8 SYSTEMPATH\Commands\Server\rewrite.php(47): require_once('C:\\Users\\User\\Desktop\\barcus\\public\\index.php')
CRITICAL - 2024-02-16 03:45:46 --> [Caused by] CodeIgniter\Database\Exceptions\DatabaseException: Unknown column 'service.serviceMenu' in 'on clause'
in SYSTEMPATH\Database\MySQLi\Connection.php on line 311.
 1 SYSTEMPATH\Database\BaseConnection.php(693): CodeIgniter\Database\MySQLi\Connection->execute('SELECT *
FROM `services`
JOIN `menu` ON `menu`.`menuId` = `service`.`serviceMenu`
GROUP BY `menue`.`menuId`')
 2 SYSTEMPATH\Database\BaseConnection.php(607): CodeIgniter\Database\BaseConnection->simpleQuery('SELECT *
FROM `services`
JOIN `menu` ON `menu`.`menuId` = `service`.`serviceMenu`
GROUP BY `menue`.`menuId`')
 3 SYSTEMPATH\Database\BaseBuilder.php(1616): CodeIgniter\Database\BaseConnection->query('SELECT *
FROM `services`
JOIN `menu` ON `menu`.`menuId` = `service`.`serviceMenu`
GROUP BY `menue`.`menuId`', [], false)
 4 SYSTEMPATH\Model.php(872): CodeIgniter\Database\BaseBuilder->get()
 5 APPPATH\Controllers\ServiceController.php(26): CodeIgniter\Model->__call('get', [])
 6 SYSTEMPATH\CodeIgniter.php(941): App\Controllers\ServiceController->index()
 7 SYSTEMPATH\CodeIgniter.php(502): CodeIgniter\CodeIgniter->runController(Object(App\Controllers\ServiceController))
 8 SYSTEMPATH\CodeIgniter.php(361): CodeIgniter\CodeIgniter->handleRequest(null, Object(Config\Cache), false)
 9 FCPATH\index.php(79): CodeIgniter\CodeIgniter->run()
10 SYSTEMPATH\Commands\Server\rewrite.php(47): require_once('C:\\Users\\User\\Desktop\\barcus\\public\\index.php')
CRITICAL - 2024-02-16 03:45:46 --> [Caused by] mysqli_sql_exception: Unknown column 'service.serviceMenu' in 'on clause'
in SYSTEMPATH\Database\MySQLi\Connection.php on line 306.
 1 SYSTEMPATH\Database\MySQLi\Connection.php(306): mysqli->query('SELECT *
FROM `services`
JOIN `menu` ON `menu`.`menuId` = `service`.`serviceMenu`
GROUP BY `menue`.`menuId`', 0)
 2 SYSTEMPATH\Database\BaseConnection.php(693): CodeIgniter\Database\MySQLi\Connection->execute('SELECT *
FROM `services`
JOIN `menu` ON `menu`.`menuId` = `service`.`serviceMenu`
GROUP BY `menue`.`menuId`')
 3 SYSTEMPATH\Database\BaseConnection.php(607): CodeIgniter\Database\BaseConnection->simpleQuery('SELECT *
FROM `services`
JOIN `menu` ON `menu`.`menuId` = `service`.`serviceMenu`
GROUP BY `menue`.`menuId`')
 4 SYSTEMPATH\Database\BaseBuilder.php(1616): CodeIgniter\Database\BaseConnection->query('SELECT *
FROM `services`
JOIN `menu` ON `menu`.`menuId` = `service`.`serviceMenu`
GROUP BY `menue`.`menuId`', [], false)
 5 SYSTEMPATH\Model.php(872): CodeIgniter\Database\BaseBuilder->get()
 6 APPPATH\Controllers\ServiceController.php(26): CodeIgniter\Model->__call('get', [])
 7 SYSTEMPATH\CodeIgniter.php(941): App\Controllers\ServiceController->index()
 8 SYSTEMPATH\CodeIgniter.php(502): CodeIgniter\CodeIgniter->runController(Object(App\Controllers\ServiceController))
 9 SYSTEMPATH\CodeIgniter.php(361): CodeIgniter\CodeIgniter->handleRequest(null, Object(Config\Cache), false)
10 FCPATH\index.php(79): CodeIgniter\CodeIgniter->run()
11 SYSTEMPATH\Commands\Server\rewrite.php(47): require_once('C:\\Users\\User\\Desktop\\barcus\\public\\index.php')
ERROR - 2024-02-16 03:46:23 --> mysqli_sql_exception: Unknown column 'menue.menuId' in 'group statement' in C:\Users\User\Desktop\barcus\system\Database\MySQLi\Connection.php:306
Stack trace:
#0 C:\Users\User\Desktop\barcus\system\Database\MySQLi\Connection.php(306): mysqli->query('SELECT *\nFROM `...', 0)
#1 C:\Users\User\Desktop\barcus\system\Database\BaseConnection.php(693): CodeIgniter\Database\MySQLi\Connection->execute('SELECT *\nFROM `...')
#2 C:\Users\User\Desktop\barcus\system\Database\BaseConnection.php(607): CodeIgniter\Database\BaseConnection->simpleQuery('SELECT *\nFROM `...')
#3 C:\Users\User\Desktop\barcus\system\Database\BaseBuilder.php(1616): CodeIgniter\Database\BaseConnection->query('SELECT *\nFROM `...', Array, false)
#4 C:\Users\User\Desktop\barcus\system\Model.php(872): CodeIgniter\Database\BaseBuilder->get()
#5 C:\Users\User\Desktop\barcus\app\Controllers\ServiceController.php(26): CodeIgniter\Model->__call('get', Array)
#6 C:\Users\User\Desktop\barcus\system\CodeIgniter.php(941): App\Controllers\ServiceController->index()
#7 C:\Users\User\Desktop\barcus\system\CodeIgniter.php(502): CodeIgniter\CodeIgniter->runController(Object(App\Controllers\ServiceController))
#8 C:\Users\User\Desktop\barcus\system\CodeIgniter.php(361): CodeIgniter\CodeIgniter->handleRequest(NULL, Object(Config\Cache), false)
#9 C:\Users\User\Desktop\barcus\public\index.php(79): CodeIgniter\CodeIgniter->run()
#10 C:\Users\User\Desktop\barcus\system\Commands\Server\rewrite.php(47): require_once('C:\\Users\\User\\D...')
#11 {main}
CRITICAL - 2024-02-16 03:46:23 --> CodeIgniter\Database\Exceptions\DatabaseException: Unknown column 'menue.menuId' in 'group statement'
in SYSTEMPATH\Database\BaseConnection.php on line 647.
 1 SYSTEMPATH\Database\BaseBuilder.php(1616): CodeIgniter\Database\BaseConnection->query('SELECT *
FROM `services`
JOIN `menu` ON `menu`.`menuId` = `services`.`serviceMenu`
GROUP BY `menue`.`menuId`', [], false)
 2 SYSTEMPATH\Model.php(872): CodeIgniter\Database\BaseBuilder->get()
 3 APPPATH\Controllers\ServiceController.php(26): CodeIgniter\Model->__call('get', [])
 4 SYSTEMPATH\CodeIgniter.php(941): App\Controllers\ServiceController->index()
 5 SYSTEMPATH\CodeIgniter.php(502): CodeIgniter\CodeIgniter->runController(Object(App\Controllers\ServiceController))
 6 SYSTEMPATH\CodeIgniter.php(361): CodeIgniter\CodeIgniter->handleRequest(null, Object(Config\Cache), false)
 7 FCPATH\index.php(79): CodeIgniter\CodeIgniter->run()
 8 SYSTEMPATH\Commands\Server\rewrite.php(47): require_once('C:\\Users\\User\\Desktop\\barcus\\public\\index.php')
CRITICAL - 2024-02-16 03:46:23 --> [Caused by] CodeIgniter\Database\Exceptions\DatabaseException: Unknown column 'menue.menuId' in 'group statement'
in SYSTEMPATH\Database\MySQLi\Connection.php on line 311.
 1 SYSTEMPATH\Database\BaseConnection.php(693): CodeIgniter\Database\MySQLi\Connection->execute('SELECT *
FROM `services`
JOIN `menu` ON `menu`.`menuId` = `services`.`serviceMenu`
GROUP BY `menue`.`menuId`')
 2 SYSTEMPATH\Database\BaseConnection.php(607): CodeIgniter\Database\BaseConnection->simpleQuery('SELECT *
FROM `services`
JOIN `menu` ON `menu`.`menuId` = `services`.`serviceMenu`
GROUP BY `menue`.`menuId`')
 3 SYSTEMPATH\Database\BaseBuilder.php(1616): CodeIgniter\Database\BaseConnection->query('SELECT *
FROM `services`
JOIN `menu` ON `menu`.`menuId` = `services`.`serviceMenu`
GROUP BY `menue`.`menuId`', [], false)
 4 SYSTEMPATH\Model.php(872): CodeIgniter\Database\BaseBuilder->get()
 5 APPPATH\Controllers\ServiceController.php(26): CodeIgniter\Model->__call('get', [])
 6 SYSTEMPATH\CodeIgniter.php(941): App\Controllers\ServiceController->index()
 7 SYSTEMPATH\CodeIgniter.php(502): CodeIgniter\CodeIgniter->runController(Object(App\Controllers\ServiceController))
 8 SYSTEMPATH\CodeIgniter.php(361): CodeIgniter\CodeIgniter->handleRequest(null, Object(Config\Cache), false)
 9 FCPATH\index.php(79): CodeIgniter\CodeIgniter->run()
10 SYSTEMPATH\Commands\Server\rewrite.php(47): require_once('C:\\Users\\User\\Desktop\\barcus\\public\\index.php')
CRITICAL - 2024-02-16 03:46:23 --> [Caused by] mysqli_sql_exception: Unknown column 'menue.menuId' in 'group statement'
in SYSTEMPATH\Database\MySQLi\Connection.php on line 306.
 1 SYSTEMPATH\Database\MySQLi\Connection.php(306): mysqli->query('SELECT *
FROM `services`
JOIN `menu` ON `menu`.`menuId` = `services`.`serviceMenu`
GROUP BY `menue`.`menuId`', 0)
 2 SYSTEMPATH\Database\BaseConnection.php(693): CodeIgniter\Database\MySQLi\Connection->execute('SELECT *
FROM `services`
JOIN `menu` ON `menu`.`menuId` = `services`.`serviceMenu`
GROUP BY `menue`.`menuId`')
 3 SYSTEMPATH\Database\BaseConnection.php(607): CodeIgniter\Database\BaseConnection->simpleQuery('SELECT *
FROM `services`
JOIN `menu` ON `menu`.`menuId` = `services`.`serviceMenu`
GROUP BY `menue`.`menuId`')
 4 SYSTEMPATH\Database\BaseBuilder.php(1616): CodeIgniter\Database\BaseConnection->query('SELECT *
FROM `services`
JOIN `menu` ON `menu`.`menuId` = `services`.`serviceMenu`
GROUP BY `menue`.`menuId`', [], false)
 5 SYSTEMPATH\Model.php(872): CodeIgniter\Database\BaseBuilder->get()
 6 APPPATH\Controllers\ServiceController.php(26): CodeIgniter\Model->__call('get', [])
 7 SYSTEMPATH\CodeIgniter.php(941): App\Controllers\ServiceController->index()
 8 SYSTEMPATH\CodeIgniter.php(502): CodeIgniter\CodeIgniter->runController(Object(App\Controllers\ServiceController))
 9 SYSTEMPATH\CodeIgniter.php(361): CodeIgniter\CodeIgniter->handleRequest(null, Object(Config\Cache), false)
10 FCPATH\index.php(79): CodeIgniter\CodeIgniter->run()
11 SYSTEMPATH\Commands\Server\rewrite.php(47): require_once('C:\\Users\\User\\Desktop\\barcus\\public\\index.php')
CRITICAL - 2024-02-16 03:56:55 --> ErrorException: Undefined variable $serv_data
in APPPATH\Views\dashboard\partials\tables\service_table.php on line 20.
 1 APPPATH\Views\dashboard\partials\tables\service_table.php(20): CodeIgniter\Debug\Exceptions->errorHandler(2, 'Undefined variable $serv_data', 'C:\\Users\\User\\Desktop\\barcus\\app\\Views\\dashboard\\partials\\tables\\service_table.php', 20)
 2 APPPATH\Views\dashboard\service.php(8): include('C:\\Users\\User\\Desktop\\barcus\\app\\Views\\dashboard\\partials\\tables\\service_table.php')
 3 SYSTEMPATH\View\View.php(228): include('C:\\Users\\User\\Desktop\\barcus\\app\\Views\\dashboard\\service.php')
 4 SYSTEMPATH\View\View.php(231): CodeIgniter\View\View->CodeIgniter\View\{closure}()
 5 SYSTEMPATH\Common.php(1178): CodeIgniter\View\View->render('dashboard/service', [], true)
 6 APPPATH\Controllers\ServiceController.php(130): view('dashboard/service', [...])
 7 SYSTEMPATH\CodeIgniter.php(941): App\Controllers\ServiceController->index()
 8 SYSTEMPATH\CodeIgniter.php(502): CodeIgniter\CodeIgniter->runController(Object(App\Controllers\ServiceController))
 9 SYSTEMPATH\CodeIgniter.php(361): CodeIgniter\CodeIgniter->handleRequest(null, Object(Config\Cache), false)
10 FCPATH\index.php(79): CodeIgniter\CodeIgniter->run()
11 SYSTEMPATH\Commands\Server\rewrite.php(47): require_once('C:\\Users\\User\\Desktop\\barcus\\public\\index.php')
INFO - 2024-02-16 04:13:56 --> Session: Class initialized using 'CodeIgniter\Session\Handlers\FileHandler' driver.
INFO - 2024-02-16 04:13:58 --> Session: Class initialized using 'CodeIgniter\Session\Handlers\FileHandler' driver.
INFO - 2024-02-16 04:23:59 --> Session: Class initialized using 'CodeIgniter\Session\Handlers\FileHandler' driver.
INFO - 2024-02-16 04:24:01 --> Session: Class initialized using 'CodeIgniter\Session\Handlers\FileHandler' driver.
INFO - 2024-02-16 04:42:29 --> Session: Class initialized using 'CodeIgniter\Session\Handlers\FileHandler' driver.
INFO - 2024-02-16 04:42:32 --> Session: Class initialized using 'CodeIgniter\Session\Handlers\FileHandler' driver.
CRITICAL - 2024-02-16 05:58:08 --> Error: Cannot use object of type stdClass as array
in APPPATH\Views\dashboard\partials\tables\service_table.php on line 32.
 1 APPPATH\Views\dashboard\service.php(8): include()
 2 SYSTEMPATH\View\View.php(228): include('C:\\Users\\User\\Desktop\\barcus\\app\\Views\\dashboard\\service.php')
 3 SYSTEMPATH\View\View.php(231): CodeIgniter\View\View->CodeIgniter\View\{closure}()
 4 SYSTEMPATH\Common.php(1178): CodeIgniter\View\View->render('dashboard/service', [], true)
 5 APPPATH\Controllers\ServiceController.php(130): view('dashboard/service', [...])
 6 SYSTEMPATH\CodeIgniter.php(941): App\Controllers\ServiceController->index()
 7 SYSTEMPATH\CodeIgniter.php(502): CodeIgniter\CodeIgniter->runController(Object(App\Controllers\ServiceController))
 8 SYSTEMPATH\CodeIgniter.php(361): CodeIgniter\CodeIgniter->handleRequest(null, Object(Config\Cache), false)
 9 FCPATH\index.php(79): CodeIgniter\CodeIgniter->run()
10 SYSTEMPATH\Commands\Server\rewrite.php(47): require_once('C:\\Users\\User\\Desktop\\barcus\\public\\index.php')
CRITICAL - 2024-02-16 06:21:45 --> ErrorException: Attempt to read property "serviceName" on string
in APPPATH\Views\dashboard\partials\tables\service_table.php on line 18.
 1 APPPATH\Views\dashboard\partials\tables\service_table.php(18): CodeIgniter\Debug\Exceptions->errorHandler(2, 'Attempt to read property "serviceName" on string', 'C:\\Users\\User\\Desktop\\barcus\\app\\Views\\dashboard\\partials\\tables\\service_table.php', 18)
 2 APPPATH\Views\dashboard\edit_service.php(8): include('C:\\Users\\User\\Desktop\\barcus\\app\\Views\\dashboard\\partials\\tables\\service_table.php')
 3 SYSTEMPATH\View\View.php(228): include('C:\\Users\\User\\Desktop\\barcus\\app\\Views\\dashboard\\edit_service.php')
 4 SYSTEMPATH\View\View.php(231): CodeIgniter\View\View->CodeIgniter\View\{closure}()
 5 SYSTEMPATH\Common.php(1178): CodeIgniter\View\View->render('dashboard/edit_service', [], true)
 6 APPPATH\Controllers\ServiceController.php(252): view('dashboard/edit_service', [...])
 7 SYSTEMPATH\CodeIgniter.php(941): App\Controllers\ServiceController->edit('4')
 8 SYSTEMPATH\CodeIgniter.php(502): CodeIgniter\CodeIgniter->runController(Object(App\Controllers\ServiceController))
 9 SYSTEMPATH\CodeIgniter.php(361): CodeIgniter\CodeIgniter->handleRequest(null, Object(Config\Cache), false)
10 FCPATH\index.php(79): CodeIgniter\CodeIgniter->run()
11 SYSTEMPATH\Commands\Server\rewrite.php(47): require_once('C:\\Users\\User\\Desktop\\barcus\\public\\index.php')
INFO - 2024-02-16 06:22:26 --> Session: Class initialized using 'CodeIgniter\Session\Handlers\FileHandler' driver.
INFO - 2024-02-16 06:22:28 --> Session: Class initialized using 'CodeIgniter\Session\Handlers\FileHandler' driver.
INFO - 2024-02-16 06:39:17 --> Session: Class initialized using 'CodeIgniter\Session\Handlers\FileHandler' driver.
INFO - 2024-02-16 06:39:20 --> Session: Class initialized using 'CodeIgniter\Session\Handlers\FileHandler' driver.
INFO - 2024-02-16 06:41:20 --> Session: Class initialized using 'CodeIgniter\Session\Handlers\FileHandler' driver.
INFO - 2024-02-16 06:41:22 --> Session: Class initialized using 'CodeIgniter\Session\Handlers\FileHandler' driver.
INFO - 2024-02-16 06:41:35 --> Session: Class initialized using 'CodeIgniter\Session\Handlers\FileHandler' driver.
INFO - 2024-02-16 06:41:38 --> Session: Class initialized using 'CodeIgniter\Session\Handlers\FileHandler' driver.
INFO - 2024-02-16 06:45:19 --> Session: Class initialized using 'CodeIgniter\Session\Handlers\FileHandler' driver.
INFO - 2024-02-16 06:45:21 --> Session: Class initialized using 'CodeIgniter\Session\Handlers\FileHandler' driver.
INFO - 2024-02-16 06:50:02 --> Session: Class initialized using 'CodeIgniter\Session\Handlers\FileHandler' driver.
INFO - 2024-02-16 06:50:04 --> Session: Class initialized using 'CodeIgniter\Session\Handlers\FileHandler' driver.
INFO - 2024-02-16 06:52:50 --> Session: Class initialized using 'CodeIgniter\Session\Handlers\FileHandler' driver.
INFO - 2024-02-16 06:52:52 --> Session: Class initialized using 'CodeIgniter\Session\Handlers\FileHandler' driver.
CRITICAL - 2024-02-16 06:55:40 --> Error: Undefined constant "service_data"
in APPPATH\Views\dashboard\edit_service.php on line 33.
 1 SYSTEMPATH\View\View.php(228): include()
 2 SYSTEMPATH\View\View.php(231): CodeIgniter\View\View->CodeIgniter\View\{closure}()
 3 SYSTEMPATH\Common.php(1178): CodeIgniter\View\View->render('dashboard/edit_service', [], true)
 4 APPPATH\Controllers\ServiceController.php(252): view('dashboard/edit_service', [...])
 5 SYSTEMPATH\CodeIgniter.php(941): App\Controllers\ServiceController->edit('4')
 6 SYSTEMPATH\CodeIgniter.php(502): CodeIgniter\CodeIgniter->runController(Object(App\Controllers\ServiceController))
 7 SYSTEMPATH\CodeIgniter.php(361): CodeIgniter\CodeIgniter->handleRequest(null, Object(Config\Cache), false)
 8 FCPATH\index.php(79): CodeIgniter\CodeIgniter->run()
 9 SYSTEMPATH\Commands\Server\rewrite.php(47): require_once('C:\\Users\\User\\Desktop\\barcus\\public\\index.php')
INFO - 2024-02-16 06:55:58 --> Session: Class initialized using 'CodeIgniter\Session\Handlers\FileHandler' driver.
INFO - 2024-02-16 06:56:01 --> Session: Class initialized using 'CodeIgniter\Session\Handlers\FileHandler' driver.
INFO - 2024-02-16 07:01:41 --> Session: Class initialized using 'CodeIgniter\Session\Handlers\FileHandler' driver.
INFO - 2024-02-16 07:01:43 --> Session: Class initialized using 'CodeIgniter\Session\Handlers\FileHandler' driver.
INFO - 2024-02-16 07:06:26 --> Session: Class initialized using 'CodeIgniter\Session\Handlers\FileHandler' driver.
INFO - 2024-02-16 07:06:28 --> Session: Class initialized using 'CodeIgniter\Session\Handlers\FileHandler' driver.
INFO - 2024-02-16 07:08:32 --> Session: Class initialized using 'CodeIgniter\Session\Handlers\FileHandler' driver.
INFO - 2024-02-16 07:08:35 --> Session: Class initialized using 'CodeIgniter\Session\Handlers\FileHandler' driver.
INFO - 2024-02-16 07:09:03 --> Session: Class initialized using 'CodeIgniter\Session\Handlers\FileHandler' driver.
INFO - 2024-02-16 07:09:05 --> Session: Class initialized using 'CodeIgniter\Session\Handlers\FileHandler' driver.
INFO - 2024-02-16 07:09:55 --> Session: Class initialized using 'CodeIgniter\Session\Handlers\FileHandler' driver.
INFO - 2024-02-16 07:09:57 --> Session: Class initialized using 'CodeIgniter\Session\Handlers\FileHandler' driver.
INFO - 2024-02-16 07:10:24 --> Session: Class initialized using 'CodeIgniter\Session\Handlers\FileHandler' driver.
INFO - 2024-02-16 07:10:27 --> Session: Class initialized using 'CodeIgniter\Session\Handlers\FileHandler' driver.
INFO - 2024-02-16 07:10:50 --> Session: Class initialized using 'CodeIgniter\Session\Handlers\FileHandler' driver.
INFO - 2024-02-16 07:10:53 --> Session: Class initialized using 'CodeIgniter\Session\Handlers\FileHandler' driver.
INFO - 2024-02-16 07:11:32 --> Session: Class initialized using 'CodeIgniter\Session\Handlers\FileHandler' driver.
INFO - 2024-02-16 07:11:43 --> Session: Class initialized using 'CodeIgniter\Session\Handlers\FileHandler' driver.
INFO - 2024-02-16 07:11:46 --> Session: Class initialized using 'CodeIgniter\Session\Handlers\FileHandler' driver.
INFO - 2024-02-16 07:12:06 --> Session: Class initialized using 'CodeIgniter\Session\Handlers\FileHandler' driver.
INFO - 2024-02-16 07:16:38 --> Session: Class initialized using 'CodeIgniter\Session\Handlers\FileHandler' driver.
INFO - 2024-02-16 07:16:40 --> Session: Class initialized using 'CodeIgniter\Session\Handlers\FileHandler' driver.
INFO - 2024-02-16 07:20:22 --> Session: Class initialized using 'CodeIgniter\Session\Handlers\FileHandler' driver.
INFO - 2024-02-16 07:21:26 --> Session: Class initialized using 'CodeIgniter\Session\Handlers\FileHandler' driver.
INFO - 2024-02-16 07:21:28 --> Session: Class initialized using 'CodeIgniter\Session\Handlers\FileHandler' driver.
INFO - 2024-02-16 07:21:32 --> Session: Class initialized using 'CodeIgniter\Session\Handlers\FileHandler' driver.
INFO - 2024-02-16 07:21:48 --> Session: Class initialized using 'CodeIgniter\Session\Handlers\FileHandler' driver.
INFO - 2024-02-16 07:21:51 --> Session: Class initialized using 'CodeIgniter\Session\Handlers\FileHandler' driver.
INFO - 2024-02-16 07:22:23 --> Session: Class initialized using 'CodeIgniter\Session\Handlers\FileHandler' driver.
INFO - 2024-02-16 07:30:52 --> Session: Class initialized using 'CodeIgniter\Session\Handlers\FileHandler' driver.
CRITICAL - 2024-02-16 07:30:52 --> ErrorException: Undefined variable $passLink
in APPPATH\Views\dashboard\partials\common\success_message.php on line 164.
 1 APPPATH\Views\dashboard\partials\common\success_message.php(164): CodeIgniter\Debug\Exceptions->errorHandler(2, 'Undefined variable $passLink', 'C:\\Users\\User\\Desktop\\barcus\\app\\Views\\dashboard\\partials\\common\\success_message.php', 164)
 2 APPPATH\Views\dashboard\partials\common\layout.php(200): include('C:\\Users\\User\\Desktop\\barcus\\app\\Views\\dashboard\\partials\\common\\success_message.php')
 3 SYSTEMPATH\View\View.php(228): include('C:\\Users\\User\\Desktop\\barcus\\app\\Views\\dashboard\\partials\\common\\layout.php')
 4 SYSTEMPATH\View\View.php(231): CodeIgniter\View\View->CodeIgniter\View\{closure}()
 5 SYSTEMPATH\View\View.php(244): CodeIgniter\View\View->render('dashboard/partials/common/layout', [], true)
 6 SYSTEMPATH\Common.php(1178): CodeIgniter\View\View->render('dashboard/service', [], true)
 7 APPPATH\Controllers\ServiceController.php(130): view('dashboard/service', [...])
 8 SYSTEMPATH\CodeIgniter.php(941): App\Controllers\ServiceController->index()
 9 SYSTEMPATH\CodeIgniter.php(502): CodeIgniter\CodeIgniter->runController(Object(App\Controllers\ServiceController))
10 SYSTEMPATH\CodeIgniter.php(361): CodeIgniter\CodeIgniter->handleRequest(null, Object(Config\Cache), false)
11 FCPATH\index.php(79): CodeIgniter\CodeIgniter->run()
12 SYSTEMPATH\Commands\Server\rewrite.php(47): require_once('C:\\Users\\User\\Desktop\\barcus\\public\\index.php')
INFO - 2024-02-16 07:32:04 --> Session: Class initialized using 'CodeIgniter\Session\Handlers\FileHandler' driver.
INFO - 2024-02-16 00:01:49 --> Session: Class initialized using 'CodeIgniter\Session\Handlers\FileHandler' driver.
INFO - 2024-02-16 00:02:02 --> Session: Class initialized using 'CodeIgniter\Session\Handlers\FileHandler' driver.
INFO - 2024-02-16 00:02:04 --> Session: Class initialized using 'CodeIgniter\Session\Handlers\FileHandler' driver.
INFO - 2024-02-16 00:02:04 --> Session: Class initialized using 'CodeIgniter\Session\Handlers\FileHandler' driver.
INFO - 2024-02-16 00:02:06 --> Session: Class initialized using 'CodeIgniter\Session\Handlers\FileHandler' driver.
INFO - 2024-02-16 00:02:06 --> Session: Class initialized using 'CodeIgniter\Session\Handlers\FileHandler' driver.
INFO - 2024-02-16 00:02:26 --> Session: Class initialized using 'CodeIgniter\Session\Handlers\FileHandler' driver.
INFO - 2024-02-16 00:02:26 --> Session: Class initialized using 'CodeIgniter\Session\Handlers\FileHandler' driver.
INFO - 2024-02-16 00:02:58 --> Session: Class initialized using 'CodeIgniter\Session\Handlers\FileHandler' driver.
INFO - 2024-02-16 00:02:59 --> Session: Class initialized using 'CodeIgniter\Session\Handlers\FileHandler' driver.
INFO - 2024-02-16 00:03:00 --> Session: Class initialized using 'CodeIgniter\Session\Handlers\FileHandler' driver.
INFO - 2024-02-16 00:03:01 --> Session: Class initialized using 'CodeIgniter\Session\Handlers\FileHandler' driver.
INFO - 2024-02-16 00:03:01 --> Session: Class initialized using 'CodeIgniter\Session\Handlers\FileHandler' driver.
INFO - 2024-02-16 00:04:28 --> Session: Class initialized using 'CodeIgniter\Session\Handlers\FileHandler' driver.
INFO - 2024-02-16 00:04:28 --> Session: Class initialized using 'CodeIgniter\Session\Handlers\FileHandler' driver.
INFO - 2024-02-16 00:04:50 --> Session: Class initialized using 'CodeIgniter\Session\Handlers\FileHandler' driver.
INFO - 2024-02-16 10:58:24 --> Session: Class initialized using 'CodeIgniter\Session\Handlers\FileHandler' driver.
CRITICAL - 2024-02-16 11:38:18 --> CodeIgniter\View\Exceptions\ViewException: Invalid file: "welcome_message.php"
in SYSTEMPATH\Exceptions\FrameworkException.php on line 39.
 1 SYSTEMPATH\View\View.php(216): CodeIgniter\Exceptions\FrameworkException::forInvalidFile('welcome_message.php')
 2 SYSTEMPATH\Common.php(1178): CodeIgniter\View\View->render('welcome_message', [], true)
 3 APPPATH\Controllers\Home.php(9): view('welcome_message')
 4 SYSTEMPATH\CodeIgniter.php(941): App\Controllers\Home->index()
 5 SYSTEMPATH\CodeIgniter.php(502): CodeIgniter\CodeIgniter->runController(Object(App\Controllers\Home))
 6 SYSTEMPATH\CodeIgniter.php(361): CodeIgniter\CodeIgniter->handleRequest(null, Object(Config\Cache), false)
 7 FCPATH\index.php(79): CodeIgniter\CodeIgniter->run()
 8 SYSTEMPATH\Commands\Server\rewrite.php(47): require_once('C:\\Users\\User\\Desktop\\barcus\\public\\index.php')
CRITICAL - 2024-02-16 11:39:00 --> CodeIgniter\View\Exceptions\ViewException: Invalid file: "welcome_message.php"
in SYSTEMPATH\Exceptions\FrameworkException.php on line 39.
 1 SYSTEMPATH\View\View.php(216): CodeIgniter\Exceptions\FrameworkException::forInvalidFile('welcome_message.php')
 2 SYSTEMPATH\Common.php(1178): CodeIgniter\View\View->render('welcome_message', [], true)
 3 APPPATH\Controllers\Home.php(9): view('welcome_message')
 4 SYSTEMPATH\CodeIgniter.php(941): App\Controllers\Home->index()
 5 SYSTEMPATH\CodeIgniter.php(502): CodeIgniter\CodeIgniter->runController(Object(App\Controllers\Home))
 6 SYSTEMPATH\CodeIgniter.php(361): CodeIgniter\CodeIgniter->handleRequest(null, Object(Config\Cache), false)
 7 FCPATH\index.php(79): CodeIgniter\CodeIgniter->run()
 8 SYSTEMPATH\Commands\Server\rewrite.php(47): require_once('C:\\Users\\User\\Desktop\\barcus\\public\\index.php')
CRITICAL - 2024-02-16 11:40:44 --> CodeIgniter\View\Exceptions\ViewException: Invalid file: "public/common/layout.php"
in SYSTEMPATH\Exceptions\FrameworkException.php on line 39.
 1 SYSTEMPATH\View\View.php(216): CodeIgniter\Exceptions\FrameworkException::forInvalidFile('public/common/layout.php')
 2 SYSTEMPATH\View\View.php(244): CodeIgniter\View\View->render('public/common/layout', [], true)
 3 SYSTEMPATH\Common.php(1178): CodeIgniter\View\View->render('public/index', [], true)
 4 APPPATH\Controllers\PublicController.php(9): view('public/index')
 5 SYSTEMPATH\CodeIgniter.php(941): App\Controllers\PublicController->index()
 6 SYSTEMPATH\CodeIgniter.php(502): CodeIgniter\CodeIgniter->runController(Object(App\Controllers\PublicController))
 7 SYSTEMPATH\CodeIgniter.php(361): CodeIgniter\CodeIgniter->handleRequest(null, Object(Config\Cache), false)
 8 FCPATH\index.php(79): CodeIgniter\CodeIgniter->run()
 9 SYSTEMPATH\Commands\Server\rewrite.php(47): require_once('C:\\Users\\User\\Desktop\\barcus\\public\\index.php')
ERROR - 2024-02-16 22:25:37 --> Error connecting to the database: mysqli_sql_exception: No connection could be made because the target machine actively refused it in C:\Users\User\Desktop\barcus\system\Database\MySQLi\Connection.php:185
Stack trace:
#0 C:\Users\User\Desktop\barcus\system\Database\MySQLi\Connection.php(185): mysqli->real_connect('localhost', 'root', '', 'barcus_db', 3306, '', 0)
#1 C:\Users\User\Desktop\barcus\system\Database\BaseConnection.php(392): CodeIgniter\Database\MySQLi\Connection->connect(false)
#2 C:\Users\User\Desktop\barcus\system\Database\BaseConnection.php(575): CodeIgniter\Database\BaseConnection->initialize()
#3 C:\Users\User\Desktop\barcus\system\Database\BaseBuilder.php(1616): CodeIgniter\Database\BaseConnection->query('SELECT *\nFROM `...', Array, false)
#4 C:\Users\User\Desktop\barcus\system\Model.php(872): CodeIgniter\Database\BaseBuilder->get()
#5 C:\Users\User\Desktop\barcus\app\Controllers\ServiceController.php(26): CodeIgniter\Model->__call('get', Array)
#6 C:\Users\User\Desktop\barcus\system\CodeIgniter.php(941): App\Controllers\ServiceController->index()
#7 C:\Users\User\Desktop\barcus\system\CodeIgniter.php(502): CodeIgniter\CodeIgniter->runController(Object(App\Controllers\ServiceController))
#8 C:\Users\User\Desktop\barcus\system\CodeIgniter.php(361): CodeIgniter\CodeIgniter->handleRequest(NULL, Object(Config\Cache), false)
#9 C:\Users\User\Desktop\barcus\public\index.php(79): CodeIgniter\CodeIgniter->run()
#10 C:\Users\User\Desktop\barcus\system\Commands\Server\rewrite.php(47): require_once('C:\\Users\\User\\D...')
#11 {main}

Next CodeIgniter\Database\Exceptions\DatabaseException: No connection could be made because the target machine actively refused it in C:\Users\User\Desktop\barcus\system\Database\MySQLi\Connection.php:229
Stack trace:
#0 C:\Users\User\Desktop\barcus\system\Database\BaseConnection.php(392): CodeIgniter\Database\MySQLi\Connection->connect(false)
#1 C:\Users\User\Desktop\barcus\system\Database\BaseConnection.php(575): CodeIgniter\Database\BaseConnection->initialize()
#2 C:\Users\User\Desktop\barcus\system\Database\BaseBuilder.php(1616): CodeIgniter\Database\BaseConnection->query('SELECT *\nFROM `...', Array, false)
#3 C:\Users\User\Desktop\barcus\system\Model.php(872): CodeIgniter\Database\BaseBuilder->get()
#4 C:\Users\User\Desktop\barcus\app\Controllers\ServiceController.php(26): CodeIgniter\Model->__call('get', Array)
#5 C:\Users\User\Desktop\barcus\system\CodeIgniter.php(941): App\Controllers\ServiceController->index()
#6 C:\Users\User\Desktop\barcus\system\CodeIgniter.php(502): CodeIgniter\CodeIgniter->runController(Object(App\Controllers\ServiceController))
#7 C:\Users\User\Desktop\barcus\system\CodeIgniter.php(361): CodeIgniter\CodeIgniter->handleRequest(NULL, Object(Config\Cache), false)
#8 C:\Users\User\Desktop\barcus\public\index.php(79): CodeIgniter\CodeIgniter->run()
#9 C:\Users\User\Desktop\barcus\system\Commands\Server\rewrite.php(47): require_once('C:\\Users\\User\\D...')
#10 {main}
CRITICAL - 2024-02-16 22:25:37 --> CodeIgniter\Database\Exceptions\DatabaseException: Unable to connect to the database.
Main connection [MySQLi]: No connection could be made because the target machine actively refused it
in SYSTEMPATH\Database\BaseConnection.php on line 428.
 1 SYSTEMPATH\Database\BaseConnection.php(575): CodeIgniter\Database\BaseConnection->initialize()
 2 SYSTEMPATH\Database\BaseBuilder.php(1616): CodeIgniter\Database\BaseConnection->query('SELECT *
FROM `services`
JOIN `menu` ON `menu`.`menuId` = `services`.`serviceMenu`
GROUP BY `services`.`serviceId`', [], false)
 3 SYSTEMPATH\Model.php(872): CodeIgniter\Database\BaseBuilder->get()
 4 APPPATH\Controllers\ServiceController.php(26): CodeIgniter\Model->__call('get', [])
 5 SYSTEMPATH\CodeIgniter.php(941): App\Controllers\ServiceController->index()
 6 SYSTEMPATH\CodeIgniter.php(502): CodeIgniter\CodeIgniter->runController(Object(App\Controllers\ServiceController))
 7 SYSTEMPATH\CodeIgniter.php(361): CodeIgniter\CodeIgniter->handleRequest(null, Object(Config\Cache), false)
 8 FCPATH\index.php(79): CodeIgniter\CodeIgniter->run()
 9 SYSTEMPATH\Commands\Server\rewrite.php(47): require_once('C:\\Users\\User\\Desktop\\barcus\\public\\index.php')
INFO - 2024-02-16 22:25:56 --> Session: Class initialized using 'CodeIgniter\Session\Handlers\FileHandler' driver.
INFO - 2024-02-16 22:26:10 --> Session: Class initialized using 'CodeIgniter\Session\Handlers\FileHandler' driver.
