INFO - 2024-02-21 01:00:56 --> Session: Class initialized using 'CodeIgniter\Session\Handlers\FileHandler' driver.
INFO - 2024-02-21 01:01:27 --> Session: Class initialized using 'CodeIgniter\Session\Handlers\FileHandler' driver.
INFO - 2024-02-21 01:02:04 --> Session: Class initialized using 'CodeIgniter\Session\Handlers\FileHandler' driver.
INFO - 2024-02-21 01:04:08 --> Session: Class initialized using 'CodeIgniter\Session\Handlers\FileHandler' driver.
INFO - 2024-02-21 01:04:14 --> Session: Class initialized using 'CodeIgniter\Session\Handlers\FileHandler' driver.
CRITICAL - 2024-02-21 01:04:14 --> ErrorException: include(partials/team_members_profiles.php): Failed to open stream: No such file or directory
in APPPATH\Views\dashboard\team.php on line 10.
 1 APPPATH\Views\dashboard\team.php(10): CodeIgniter\Debug\Exceptions->errorHandler(2, 'include(partials/team_members_profiles.php): Failed to open stream: No such file or directory', 'C:\\Users\\User\\Desktop\\barcus\\app\\Views\\dashboard\\team.php', 10)
 2 APPPATH\Views\dashboard\team.php(10): include()
 3 SYSTEMPATH\View\View.php(228): include('C:\\Users\\User\\Desktop\\barcus\\app\\Views\\dashboard\\team.php')
 4 SYSTEMPATH\View\View.php(231): CodeIgniter\View\View->CodeIgniter\View\{closure}()
 5 SYSTEMPATH\Common.php(1178): CodeIgniter\View\View->render('dashboard/team', [], true)
 6 APPPATH\Controllers\TeamMemberController.php(120): view('dashboard/team', [...])
 7 SYSTEMPATH\CodeIgniter.php(941): App\Controllers\TeamMemberController->index()
 8 SYSTEMPATH\CodeIgniter.php(502): CodeIgniter\CodeIgniter->runController(Object(App\Controllers\TeamMemberController))
 9 SYSTEMPATH\CodeIgniter.php(361): CodeIgniter\CodeIgniter->handleRequest(null, Object(Config\Cache), false)
10 FCPATH\index.php(79): CodeIgniter\CodeIgniter->run()
11 SYSTEMPATH\Commands\Server\rewrite.php(47): require_once('C:\\Users\\User\\Desktop\\barcus\\public\\index.php')
INFO - 2024-02-21 01:06:50 --> Session: Class initialized using 'CodeIgniter\Session\Handlers\FileHandler' driver.
CRITICAL - 2024-02-21 01:06:50 --> ErrorException: Trying to access array offset on value of type null
in APPPATH\Views\dashboard\team.php on line 17.
 1 APPPATH\Views\dashboard\team.php(17): CodeIgniter\Debug\Exceptions->errorHandler(2, 'Trying to access array offset on value of type null', 'C:\\Users\\User\\Desktop\\barcus\\app\\Views\\dashboard\\team.php', 17)
 2 SYSTEMPATH\View\View.php(228): include('C:\\Users\\User\\Desktop\\barcus\\app\\Views\\dashboard\\team.php')
 3 SYSTEMPATH\View\View.php(231): CodeIgniter\View\View->CodeIgniter\View\{closure}()
 4 SYSTEMPATH\Common.php(1178): CodeIgniter\View\View->render('dashboard/team', [], true)
 5 APPPATH\Controllers\TeamMemberController.php(120): view('dashboard/team', [...])
 6 SYSTEMPATH\CodeIgniter.php(941): App\Controllers\TeamMemberController->index()
 7 SYSTEMPATH\CodeIgniter.php(502): CodeIgniter\CodeIgniter->runController(Object(App\Controllers\TeamMemberController))
 8 SYSTEMPATH\CodeIgniter.php(361): CodeIgniter\CodeIgniter->handleRequest(null, Object(Config\Cache), false)
 9 FCPATH\index.php(79): CodeIgniter\CodeIgniter->run()
10 SYSTEMPATH\Commands\Server\rewrite.php(47): require_once('C:\\Users\\User\\Desktop\\barcus\\public\\index.php')
INFO - 2024-02-21 01:16:32 --> Session: Class initialized using 'CodeIgniter\Session\Handlers\FileHandler' driver.
CRITICAL - 2024-02-21 01:16:32 --> CodeIgniter\View\Exceptions\ViewException: Invalid file: "auth.php"
in SYSTEMPATH\Exceptions\FrameworkException.php on line 39.
 1 SYSTEMPATH\View\View.php(216): CodeIgniter\Exceptions\FrameworkException::forInvalidFile('auth.php')
 2 SYSTEMPATH\Common.php(1178): CodeIgniter\View\View->render('auth', [], true)
 3 APPPATH\Controllers\AuthController.php(75): view('auth', [])
 4 SYSTEMPATH\CodeIgniter.php(941): App\Controllers\AuthController->index()
 5 SYSTEMPATH\CodeIgniter.php(502): CodeIgniter\CodeIgniter->runController(Object(App\Controllers\AuthController))
 6 SYSTEMPATH\CodeIgniter.php(361): CodeIgniter\CodeIgniter->handleRequest(null, Object(Config\Cache), false)
 7 FCPATH\index.php(79): CodeIgniter\CodeIgniter->run()
 8 SYSTEMPATH\Commands\Server\rewrite.php(47): require_once('C:\\Users\\User\\Desktop\\barcus\\public\\index.php')
INFO - 2024-02-21 01:17:37 --> Session: Class initialized using 'CodeIgniter\Session\Handlers\FileHandler' driver.
INFO - 2024-02-21 01:20:19 --> Session: Class initialized using 'CodeIgniter\Session\Handlers\FileHandler' driver.
INFO - 2024-02-21 01:22:36 --> Session: Class initialized using 'CodeIgniter\Session\Handlers\FileHandler' driver.
INFO - 2024-02-21 01:24:46 --> Session: Class initialized using 'CodeIgniter\Session\Handlers\FileHandler' driver.
INFO - 2024-02-21 01:24:51 --> Session: Class initialized using 'CodeIgniter\Session\Handlers\FileHandler' driver.
INFO - 2024-02-21 01:26:50 --> Session: Class initialized using 'CodeIgniter\Session\Handlers\FileHandler' driver.
INFO - 2024-02-21 01:27:08 --> Session: Class initialized using 'CodeIgniter\Session\Handlers\FileHandler' driver.
INFO - 2024-02-21 01:27:31 --> Session: Class initialized using 'CodeIgniter\Session\Handlers\FileHandler' driver.
INFO - 2024-02-21 01:27:48 --> Session: Class initialized using 'CodeIgniter\Session\Handlers\FileHandler' driver.
INFO - 2024-02-21 01:28:21 --> Session: Class initialized using 'CodeIgniter\Session\Handlers\FileHandler' driver.
INFO - 2024-02-21 01:29:25 --> Session: Class initialized using 'CodeIgniter\Session\Handlers\FileHandler' driver.
INFO - 2024-02-21 01:29:42 --> Session: Class initialized using 'CodeIgniter\Session\Handlers\FileHandler' driver.
INFO - 2024-02-21 01:30:12 --> Session: Class initialized using 'CodeIgniter\Session\Handlers\FileHandler' driver.
INFO - 2024-02-21 01:30:26 --> Session: Class initialized using 'CodeIgniter\Session\Handlers\FileHandler' driver.
INFO - 2024-02-21 01:33:07 --> Session: Class initialized using 'CodeIgniter\Session\Handlers\FileHandler' driver.
INFO - 2024-02-21 01:33:19 --> Session: Class initialized using 'CodeIgniter\Session\Handlers\FileHandler' driver.
INFO - 2024-02-21 01:33:32 --> Session: Class initialized using 'CodeIgniter\Session\Handlers\FileHandler' driver.
INFO - 2024-02-21 01:36:18 --> Session: Class initialized using 'CodeIgniter\Session\Handlers\FileHandler' driver.
INFO - 2024-02-21 01:37:05 --> Session: Class initialized using 'CodeIgniter\Session\Handlers\FileHandler' driver.
INFO - 2024-02-21 01:37:36 --> Session: Class initialized using 'CodeIgniter\Session\Handlers\FileHandler' driver.
INFO - 2024-02-21 01:39:39 --> Session: Class initialized using 'CodeIgniter\Session\Handlers\FileHandler' driver.
INFO - 2024-02-21 01:39:43 --> Session: Class initialized using 'CodeIgniter\Session\Handlers\FileHandler' driver.
INFO - 2024-02-21 01:39:56 --> Session: Class initialized using 'CodeIgniter\Session\Handlers\FileHandler' driver.
INFO - 2024-02-21 01:41:03 --> Session: Class initialized using 'CodeIgniter\Session\Handlers\FileHandler' driver.
INFO - 2024-02-21 01:45:32 --> Session: Class initialized using 'CodeIgniter\Session\Handlers\FileHandler' driver.
INFO - 2024-02-21 01:45:45 --> Session: Class initialized using 'CodeIgniter\Session\Handlers\FileHandler' driver.
INFO - 2024-02-21 01:48:21 --> Session: Class initialized using 'CodeIgniter\Session\Handlers\FileHandler' driver.
INFO - 2024-02-21 01:48:22 --> Session: Class initialized using 'CodeIgniter\Session\Handlers\FileHandler' driver.
INFO - 2024-02-21 01:48:37 --> Session: Class initialized using 'CodeIgniter\Session\Handlers\FileHandler' driver.
INFO - 2024-02-21 01:49:40 --> Session: Class initialized using 'CodeIgniter\Session\Handlers\FileHandler' driver.
INFO - 2024-02-21 01:50:33 --> Session: Class initialized using 'CodeIgniter\Session\Handlers\FileHandler' driver.
INFO - 2024-02-21 01:52:47 --> Session: Class initialized using 'CodeIgniter\Session\Handlers\FileHandler' driver.
INFO - 2024-02-21 01:52:47 --> Session: Class initialized using 'CodeIgniter\Session\Handlers\FileHandler' driver.
INFO - 2024-02-21 01:54:05 --> Session: Class initialized using 'CodeIgniter\Session\Handlers\FileHandler' driver.
INFO - 2024-02-21 01:54:15 --> Session: Class initialized using 'CodeIgniter\Session\Handlers\FileHandler' driver.
CRITICAL - 2024-02-21 01:54:15 --> CodeIgniter\View\Exceptions\ViewException: Invalid file: "dashboard/partials/layout.php"
in SYSTEMPATH\Exceptions\FrameworkException.php on line 39.
 1 SYSTEMPATH\View\View.php(216): CodeIgniter\Exceptions\FrameworkException::forInvalidFile('dashboard/partials/layout.php')
 2 SYSTEMPATH\View\View.php(244): CodeIgniter\View\View->render('dashboard/partials/layout', [], true)
 3 SYSTEMPATH\Common.php(1178): CodeIgniter\View\View->render('dashboard/team', [], true)
 4 APPPATH\Controllers\TeamMemberController.php(120): view('dashboard/team', [...])
 5 SYSTEMPATH\CodeIgniter.php(941): App\Controllers\TeamMemberController->index()
 6 SYSTEMPATH\CodeIgniter.php(502): CodeIgniter\CodeIgniter->runController(Object(App\Controllers\TeamMemberController))
 7 SYSTEMPATH\CodeIgniter.php(361): CodeIgniter\CodeIgniter->handleRequest(null, Object(Config\Cache), false)
 8 FCPATH\index.php(79): CodeIgniter\CodeIgniter->run()
 9 SYSTEMPATH\Commands\Server\rewrite.php(47): require_once('C:\\Users\\User\\Desktop\\barcus\\public\\index.php')
INFO - 2024-02-21 01:55:02 --> Session: Class initialized using 'CodeIgniter\Session\Handlers\FileHandler' driver.
INFO - 2024-02-21 01:55:50 --> Session: Class initialized using 'CodeIgniter\Session\Handlers\FileHandler' driver.
INFO - 2024-02-21 01:55:50 --> Session: Class initialized using 'CodeIgniter\Session\Handlers\FileHandler' driver.
INFO - 2024-02-21 02:01:46 --> Session: Class initialized using 'CodeIgniter\Session\Handlers\FileHandler' driver.
INFO - 2024-02-21 02:03:11 --> Session: Class initialized using 'CodeIgniter\Session\Handlers\FileHandler' driver.
INFO - 2024-02-21 02:05:40 --> Session: Class initialized using 'CodeIgniter\Session\Handlers\FileHandler' driver.
INFO - 2024-02-21 02:06:13 --> Session: Class initialized using 'CodeIgniter\Session\Handlers\FileHandler' driver.
INFO - 2024-02-21 02:06:46 --> Session: Class initialized using 'CodeIgniter\Session\Handlers\FileHandler' driver.
INFO - 2024-02-21 02:07:24 --> Session: Class initialized using 'CodeIgniter\Session\Handlers\FileHandler' driver.
INFO - 2024-02-21 02:07:54 --> Session: Class initialized using 'CodeIgniter\Session\Handlers\FileHandler' driver.
INFO - 2024-02-21 02:08:15 --> Session: Class initialized using 'CodeIgniter\Session\Handlers\FileHandler' driver.
INFO - 2024-02-21 02:08:42 --> Session: Class initialized using 'CodeIgniter\Session\Handlers\FileHandler' driver.
INFO - 2024-02-21 02:09:52 --> Session: Class initialized using 'CodeIgniter\Session\Handlers\FileHandler' driver.
INFO - 2024-02-21 02:10:12 --> Session: Class initialized using 'CodeIgniter\Session\Handlers\FileHandler' driver.
INFO - 2024-02-21 02:10:12 --> Session: Class initialized using 'CodeIgniter\Session\Handlers\FileHandler' driver.
INFO - 2024-02-21 02:10:40 --> Session: Class initialized using 'CodeIgniter\Session\Handlers\FileHandler' driver.
INFO - 2024-02-21 02:10:40 --> Session: Class initialized using 'CodeIgniter\Session\Handlers\FileHandler' driver.
INFO - 2024-02-21 02:11:21 --> Session: Class initialized using 'CodeIgniter\Session\Handlers\FileHandler' driver.
INFO - 2024-02-21 02:11:22 --> Session: Class initialized using 'CodeIgniter\Session\Handlers\FileHandler' driver.
INFO - 2024-02-21 02:11:45 --> Session: Class initialized using 'CodeIgniter\Session\Handlers\FileHandler' driver.
INFO - 2024-02-21 02:12:02 --> Session: Class initialized using 'CodeIgniter\Session\Handlers\FileHandler' driver.
CRITICAL - 2024-02-21 02:12:02 --> CodeIgniter\View\Exceptions\ViewException: Invalid file: "dashboard/edit_profile.php"
in SYSTEMPATH\Exceptions\FrameworkException.php on line 39.
 1 SYSTEMPATH\View\View.php(216): CodeIgniter\Exceptions\FrameworkException::forInvalidFile('dashboard/edit_profile.php')
 2 SYSTEMPATH\Common.php(1178): CodeIgniter\View\View->render('dashboard/edit_profile', [], true)
 3 APPPATH\Controllers\TeamMemberController.php(271): view('dashboard/edit_profile', [...])
 4 SYSTEMPATH\CodeIgniter.php(941): App\Controllers\TeamMemberController->edit('4')
 5 SYSTEMPATH\CodeIgniter.php(502): CodeIgniter\CodeIgniter->runController(Object(App\Controllers\TeamMemberController))
 6 SYSTEMPATH\CodeIgniter.php(361): CodeIgniter\CodeIgniter->handleRequest(null, Object(Config\Cache), false)
 7 FCPATH\index.php(79): CodeIgniter\CodeIgniter->run()
 8 SYSTEMPATH\Commands\Server\rewrite.php(47): require_once('C:\\Users\\User\\Desktop\\barcus\\public\\index.php')
INFO - 2024-02-21 02:17:44 --> Session: Class initialized using 'CodeIgniter\Session\Handlers\FileHandler' driver.
CRITICAL - 2024-02-21 02:17:44 --> ErrorException: include(partials/forms/edit_profile_form.php): Failed to open stream: No such file or directory
in APPPATH\Views\dashboard\edit_profile.php on line 13.
 1 APPPATH\Views\dashboard\edit_profile.php(13): CodeIgniter\Debug\Exceptions->errorHandler(2, 'include(partials/forms/edit_profile_form.php): Failed to open stream: No such file or directory', 'C:\\Users\\User\\Desktop\\barcus\\app\\Views\\dashboard\\edit_profile.php', 13)
 2 APPPATH\Views\dashboard\edit_profile.php(13): include()
 3 SYSTEMPATH\View\View.php(228): include('C:\\Users\\User\\Desktop\\barcus\\app\\Views\\dashboard\\edit_profile.php')
 4 SYSTEMPATH\View\View.php(231): CodeIgniter\View\View->CodeIgniter\View\{closure}()
 5 SYSTEMPATH\Common.php(1178): CodeIgniter\View\View->render('dashboard/edit_profile', [], true)
 6 APPPATH\Controllers\TeamMemberController.php(271): view('dashboard/edit_profile', [...])
 7 SYSTEMPATH\CodeIgniter.php(941): App\Controllers\TeamMemberController->edit('4')
 8 SYSTEMPATH\CodeIgniter.php(502): CodeIgniter\CodeIgniter->runController(Object(App\Controllers\TeamMemberController))
 9 SYSTEMPATH\CodeIgniter.php(361): CodeIgniter\CodeIgniter->handleRequest(null, Object(Config\Cache), false)
10 FCPATH\index.php(79): CodeIgniter\CodeIgniter->run()
11 SYSTEMPATH\Commands\Server\rewrite.php(47): require_once('C:\\Users\\User\\Desktop\\barcus\\public\\index.php')
INFO - 2024-02-21 02:20:13 --> Session: Class initialized using 'CodeIgniter\Session\Handlers\FileHandler' driver.
CRITICAL - 2024-02-21 02:20:13 --> ErrorException: include(partials/forms/edit_profile_form.php): Failed to open stream: No such file or directory
in APPPATH\Views\dashboard\edit_profile.php on line 13.
 1 APPPATH\Views\dashboard\edit_profile.php(13): CodeIgniter\Debug\Exceptions->errorHandler(2, 'include(partials/forms/edit_profile_form.php): Failed to open stream: No such file or directory', 'C:\\Users\\User\\Desktop\\barcus\\app\\Views\\dashboard\\edit_profile.php', 13)
 2 APPPATH\Views\dashboard\edit_profile.php(13): include()
 3 SYSTEMPATH\View\View.php(228): include('C:\\Users\\User\\Desktop\\barcus\\app\\Views\\dashboard\\edit_profile.php')
 4 SYSTEMPATH\View\View.php(231): CodeIgniter\View\View->CodeIgniter\View\{closure}()
 5 SYSTEMPATH\Common.php(1178): CodeIgniter\View\View->render('dashboard/edit_profile', [], true)
 6 APPPATH\Controllers\TeamMemberController.php(271): view('dashboard/edit_profile', [...])
 7 SYSTEMPATH\CodeIgniter.php(941): App\Controllers\TeamMemberController->edit('4')
 8 SYSTEMPATH\CodeIgniter.php(502): CodeIgniter\CodeIgniter->runController(Object(App\Controllers\TeamMemberController))
 9 SYSTEMPATH\CodeIgniter.php(361): CodeIgniter\CodeIgniter->handleRequest(null, Object(Config\Cache), false)
10 FCPATH\index.php(79): CodeIgniter\CodeIgniter->run()
11 SYSTEMPATH\Commands\Server\rewrite.php(47): require_once('C:\\Users\\User\\Desktop\\barcus\\public\\index.php')
INFO - 2024-02-21 02:21:50 --> Session: Class initialized using 'CodeIgniter\Session\Handlers\FileHandler' driver.
CRITICAL - 2024-02-21 02:21:51 --> CodeIgniter\View\Exceptions\ViewException: Invalid file: "dashboard/partials/layout.php"
in SYSTEMPATH\Exceptions\FrameworkException.php on line 39.
 1 SYSTEMPATH\View\View.php(216): CodeIgniter\Exceptions\FrameworkException::forInvalidFile('dashboard/partials/layout.php')
 2 SYSTEMPATH\View\View.php(244): CodeIgniter\View\View->render('dashboard/partials/layout', [], true)
 3 SYSTEMPATH\Common.php(1178): CodeIgniter\View\View->render('dashboard/edit_profile', [], true)
 4 APPPATH\Controllers\TeamMemberController.php(271): view('dashboard/edit_profile', [...])
 5 SYSTEMPATH\CodeIgniter.php(941): App\Controllers\TeamMemberController->edit('4')
 6 SYSTEMPATH\CodeIgniter.php(502): CodeIgniter\CodeIgniter->runController(Object(App\Controllers\TeamMemberController))
 7 SYSTEMPATH\CodeIgniter.php(361): CodeIgniter\CodeIgniter->handleRequest(null, Object(Config\Cache), false)
 8 FCPATH\index.php(79): CodeIgniter\CodeIgniter->run()
 9 SYSTEMPATH\Commands\Server\rewrite.php(47): require_once('C:\\Users\\User\\Desktop\\barcus\\public\\index.php')
INFO - 2024-02-21 02:23:31 --> Session: Class initialized using 'CodeIgniter\Session\Handlers\FileHandler' driver.
INFO - 2024-02-21 02:23:33 --> Session: Class initialized using 'CodeIgniter\Session\Handlers\FileHandler' driver.
INFO - 2024-02-21 02:23:34 --> Session: Class initialized using 'CodeIgniter\Session\Handlers\FileHandler' driver.
INFO - 2024-02-21 02:23:36 --> Session: Class initialized using 'CodeIgniter\Session\Handlers\FileHandler' driver.
INFO - 2024-02-21 02:23:36 --> Session: Class initialized using 'CodeIgniter\Session\Handlers\FileHandler' driver.
INFO - 2024-02-21 02:25:06 --> Session: Class initialized using 'CodeIgniter\Session\Handlers\FileHandler' driver.
INFO - 2024-02-21 02:25:08 --> Session: Class initialized using 'CodeIgniter\Session\Handlers\FileHandler' driver.
INFO - 2024-02-21 02:25:09 --> Session: Class initialized using 'CodeIgniter\Session\Handlers\FileHandler' driver.
INFO - 2024-02-21 02:25:11 --> Session: Class initialized using 'CodeIgniter\Session\Handlers\FileHandler' driver.
INFO - 2024-02-21 02:25:11 --> Session: Class initialized using 'CodeIgniter\Session\Handlers\FileHandler' driver.
INFO - 2024-02-21 02:25:54 --> Session: Class initialized using 'CodeIgniter\Session\Handlers\FileHandler' driver.
INFO - 2024-02-21 02:25:56 --> Session: Class initialized using 'CodeIgniter\Session\Handlers\FileHandler' driver.
INFO - 2024-02-21 02:25:57 --> Session: Class initialized using 'CodeIgniter\Session\Handlers\FileHandler' driver.
INFO - 2024-02-21 02:25:59 --> Session: Class initialized using 'CodeIgniter\Session\Handlers\FileHandler' driver.
INFO - 2024-02-21 02:25:59 --> Session: Class initialized using 'CodeIgniter\Session\Handlers\FileHandler' driver.
INFO - 2024-02-21 02:27:20 --> Session: Class initialized using 'CodeIgniter\Session\Handlers\FileHandler' driver.
INFO - 2024-02-21 02:27:37 --> Session: Class initialized using 'CodeIgniter\Session\Handlers\FileHandler' driver.
INFO - 2024-02-21 02:27:45 --> Session: Class initialized using 'CodeIgniter\Session\Handlers\FileHandler' driver.
ERROR - 2024-02-21 22:49:00 --> Error connecting to the database: mysqli_sql_exception: No connection could be made because the target machine actively refused it in C:\Users\User\Desktop\barcus\system\Database\MySQLi\Connection.php:185
Stack trace:
#0 C:\Users\User\Desktop\barcus\system\Database\MySQLi\Connection.php(185): mysqli->real_connect('localhost', 'root', '', 'barcus_db', 3306, '', 0)
#1 C:\Users\User\Desktop\barcus\system\Database\BaseConnection.php(392): CodeIgniter\Database\MySQLi\Connection->connect(false)
#2 C:\Users\User\Desktop\barcus\system\Database\BaseConnection.php(575): CodeIgniter\Database\BaseConnection->initialize()
#3 C:\Users\User\Desktop\barcus\system\Database\BaseBuilder.php(1616): CodeIgniter\Database\BaseConnection->query('SELECT *\nFROM `...', Array, false)
#4 C:\Users\User\Desktop\barcus\system\Model.php(242): CodeIgniter\Database\BaseBuilder->get()
#5 C:\Users\User\Desktop\barcus\system\BaseModel.php(638): CodeIgniter\Model->doFindAll(0, 0)
#6 C:\Users\User\Desktop\barcus\app\Controllers\PublicController.php(18): CodeIgniter\BaseModel->findAll()
#7 C:\Users\User\Desktop\barcus\system\CodeIgniter.php(941): App\Controllers\PublicController->index()
#8 C:\Users\User\Desktop\barcus\system\CodeIgniter.php(502): CodeIgniter\CodeIgniter->runController(Object(App\Controllers\PublicController))
#9 C:\Users\User\Desktop\barcus\system\CodeIgniter.php(361): CodeIgniter\CodeIgniter->handleRequest(NULL, Object(Config\Cache), false)
#10 C:\Users\User\Desktop\barcus\public\index.php(79): CodeIgniter\CodeIgniter->run()
#11 C:\Users\User\Desktop\barcus\system\Commands\Server\rewrite.php(47): require_once('C:\\Users\\User\\D...')
#12 {main}

Next CodeIgniter\Database\Exceptions\DatabaseException: No connection could be made because the target machine actively refused it in C:\Users\User\Desktop\barcus\system\Database\MySQLi\Connection.php:229
Stack trace:
#0 C:\Users\User\Desktop\barcus\system\Database\BaseConnection.php(392): CodeIgniter\Database\MySQLi\Connection->connect(false)
#1 C:\Users\User\Desktop\barcus\system\Database\BaseConnection.php(575): CodeIgniter\Database\BaseConnection->initialize()
#2 C:\Users\User\Desktop\barcus\system\Database\BaseBuilder.php(1616): CodeIgniter\Database\BaseConnection->query('SELECT *\nFROM `...', Array, false)
#3 C:\Users\User\Desktop\barcus\system\Model.php(242): CodeIgniter\Database\BaseBuilder->get()
#4 C:\Users\User\Desktop\barcus\system\BaseModel.php(638): CodeIgniter\Model->doFindAll(0, 0)
#5 C:\Users\User\Desktop\barcus\app\Controllers\PublicController.php(18): CodeIgniter\BaseModel->findAll()
#6 C:\Users\User\Desktop\barcus\system\CodeIgniter.php(941): App\Controllers\PublicController->index()
#7 C:\Users\User\Desktop\barcus\system\CodeIgniter.php(502): CodeIgniter\CodeIgniter->runController(Object(App\Controllers\PublicController))
#8 C:\Users\User\Desktop\barcus\system\CodeIgniter.php(361): CodeIgniter\CodeIgniter->handleRequest(NULL, Object(Config\Cache), false)
#9 C:\Users\User\Desktop\barcus\public\index.php(79): CodeIgniter\CodeIgniter->run()
#10 C:\Users\User\Desktop\barcus\system\Commands\Server\rewrite.php(47): require_once('C:\\Users\\User\\D...')
#11 {main}
CRITICAL - 2024-02-21 22:49:00 --> CodeIgniter\Database\Exceptions\DatabaseException: Unable to connect to the database.
Main connection [MySQLi]: No connection could be made because the target machine actively refused it
in SYSTEMPATH\Database\BaseConnection.php on line 428.
 1 SYSTEMPATH\Database\BaseConnection.php(575): CodeIgniter\Database\BaseConnection->initialize()
 2 SYSTEMPATH\Database\BaseBuilder.php(1616): CodeIgniter\Database\BaseConnection->query('SELECT *
FROM `menu`
WHERE `menuStatus` = :menuStatus:', [...], false)
 3 SYSTEMPATH\Model.php(242): CodeIgniter\Database\BaseBuilder->get()
 4 SYSTEMPATH\BaseModel.php(638): CodeIgniter\Model->doFindAll(0, 0)
 5 APPPATH\Controllers\PublicController.php(18): CodeIgniter\BaseModel->findAll()
 6 SYSTEMPATH\CodeIgniter.php(941): App\Controllers\PublicController->index()
 7 SYSTEMPATH\CodeIgniter.php(502): CodeIgniter\CodeIgniter->runController(Object(App\Controllers\PublicController))
 8 SYSTEMPATH\CodeIgniter.php(361): CodeIgniter\CodeIgniter->handleRequest(null, Object(Config\Cache), false)
 9 FCPATH\index.php(79): CodeIgniter\CodeIgniter->run()
10 SYSTEMPATH\Commands\Server\rewrite.php(47): require_once('C:\\Users\\User\\Desktop\\barcus\\public\\index.php')
ERROR - 2024-02-21 22:49:05 --> Error connecting to the database: mysqli_sql_exception: No connection could be made because the target machine actively refused it in C:\Users\User\Desktop\barcus\system\Database\MySQLi\Connection.php:185
Stack trace:
#0 C:\Users\User\Desktop\barcus\system\Database\MySQLi\Connection.php(185): mysqli->real_connect('localhost', 'root', '', 'barcus_db', 3306, '', 0)
#1 C:\Users\User\Desktop\barcus\system\Database\BaseConnection.php(392): CodeIgniter\Database\MySQLi\Connection->connect(false)
#2 C:\Users\User\Desktop\barcus\system\Database\BaseConnection.php(575): CodeIgniter\Database\BaseConnection->initialize()
#3 C:\Users\User\Desktop\barcus\system\Database\BaseBuilder.php(1616): CodeIgniter\Database\BaseConnection->query('SELECT *\nFROM `...', Array, false)
#4 C:\Users\User\Desktop\barcus\system\Model.php(242): CodeIgniter\Database\BaseBuilder->get()
#5 C:\Users\User\Desktop\barcus\system\BaseModel.php(638): CodeIgniter\Model->doFindAll(0, 0)
#6 C:\Users\User\Desktop\barcus\app\Controllers\PublicController.php(18): CodeIgniter\BaseModel->findAll()
#7 C:\Users\User\Desktop\barcus\system\CodeIgniter.php(941): App\Controllers\PublicController->index()
#8 C:\Users\User\Desktop\barcus\system\CodeIgniter.php(502): CodeIgniter\CodeIgniter->runController(Object(App\Controllers\PublicController))
#9 C:\Users\User\Desktop\barcus\system\CodeIgniter.php(361): CodeIgniter\CodeIgniter->handleRequest(NULL, Object(Config\Cache), false)
#10 C:\Users\User\Desktop\barcus\public\index.php(79): CodeIgniter\CodeIgniter->run()
#11 C:\Users\User\Desktop\barcus\system\Commands\Server\rewrite.php(47): require_once('C:\\Users\\User\\D...')
#12 {main}

Next CodeIgniter\Database\Exceptions\DatabaseException: No connection could be made because the target machine actively refused it in C:\Users\User\Desktop\barcus\system\Database\MySQLi\Connection.php:229
Stack trace:
#0 C:\Users\User\Desktop\barcus\system\Database\BaseConnection.php(392): CodeIgniter\Database\MySQLi\Connection->connect(false)
#1 C:\Users\User\Desktop\barcus\system\Database\BaseConnection.php(575): CodeIgniter\Database\BaseConnection->initialize()
#2 C:\Users\User\Desktop\barcus\system\Database\BaseBuilder.php(1616): CodeIgniter\Database\BaseConnection->query('SELECT *\nFROM `...', Array, false)
#3 C:\Users\User\Desktop\barcus\system\Model.php(242): CodeIgniter\Database\BaseBuilder->get()
#4 C:\Users\User\Desktop\barcus\system\BaseModel.php(638): CodeIgniter\Model->doFindAll(0, 0)
#5 C:\Users\User\Desktop\barcus\app\Controllers\PublicController.php(18): CodeIgniter\BaseModel->findAll()
#6 C:\Users\User\Desktop\barcus\system\CodeIgniter.php(941): App\Controllers\PublicController->index()
#7 C:\Users\User\Desktop\barcus\system\CodeIgniter.php(502): CodeIgniter\CodeIgniter->runController(Object(App\Controllers\PublicController))
#8 C:\Users\User\Desktop\barcus\system\CodeIgniter.php(361): CodeIgniter\CodeIgniter->handleRequest(NULL, Object(Config\Cache), false)
#9 C:\Users\User\Desktop\barcus\public\index.php(79): CodeIgniter\CodeIgniter->run()
#10 C:\Users\User\Desktop\barcus\system\Commands\Server\rewrite.php(47): require_once('C:\\Users\\User\\D...')
#11 {main}
CRITICAL - 2024-02-21 22:49:05 --> CodeIgniter\Database\Exceptions\DatabaseException: Unable to connect to the database.
Main connection [MySQLi]: No connection could be made because the target machine actively refused it
in SYSTEMPATH\Database\BaseConnection.php on line 428.
 1 SYSTEMPATH\Database\BaseConnection.php(575): CodeIgniter\Database\BaseConnection->initialize()
 2 SYSTEMPATH\Database\BaseBuilder.php(1616): CodeIgniter\Database\BaseConnection->query('SELECT *
FROM `menu`
WHERE `menuStatus` = :menuStatus:', [...], false)
 3 SYSTEMPATH\Model.php(242): CodeIgniter\Database\BaseBuilder->get()
 4 SYSTEMPATH\BaseModel.php(638): CodeIgniter\Model->doFindAll(0, 0)
 5 APPPATH\Controllers\PublicController.php(18): CodeIgniter\BaseModel->findAll()
 6 SYSTEMPATH\CodeIgniter.php(941): App\Controllers\PublicController->index()
 7 SYSTEMPATH\CodeIgniter.php(502): CodeIgniter\CodeIgniter->runController(Object(App\Controllers\PublicController))
 8 SYSTEMPATH\CodeIgniter.php(361): CodeIgniter\CodeIgniter->handleRequest(null, Object(Config\Cache), false)
 9 FCPATH\index.php(79): CodeIgniter\CodeIgniter->run()
10 SYSTEMPATH\Commands\Server\rewrite.php(47): require_once('C:\\Users\\User\\Desktop\\barcus\\public\\index.php')
CRITICAL - 2024-02-21 23:21:48 --> ErrorException: Attempt to read property "service" on string
in APPPATH\Views\public\search.php on line 12.
 1 APPPATH\Views\public\search.php(12): CodeIgniter\Debug\Exceptions->errorHandler(2, 'Attempt to read property "service" on string', 'C:\\Users\\User\\Desktop\\barcus\\app\\Views\\public\\search.php', 12)
 2 SYSTEMPATH\View\View.php(228): include('C:\\Users\\User\\Desktop\\barcus\\app\\Views\\public\\search.php')
 3 SYSTEMPATH\View\View.php(231): CodeIgniter\View\View->CodeIgniter\View\{closure}()
 4 SYSTEMPATH\Common.php(1178): CodeIgniter\View\View->render('public/search', [], true)
 5 APPPATH\Controllers\PublicController.php(108): view('public/search', [...])
 6 SYSTEMPATH\CodeIgniter.php(941): App\Controllers\PublicController->search()
 7 SYSTEMPATH\CodeIgniter.php(502): CodeIgniter\CodeIgniter->runController(Object(App\Controllers\PublicController))
 8 SYSTEMPATH\CodeIgniter.php(361): CodeIgniter\CodeIgniter->handleRequest(null, Object(Config\Cache), false)
 9 FCPATH\index.php(79): CodeIgniter\CodeIgniter->run()
10 SYSTEMPATH\Commands\Server\rewrite.php(47): require_once('C:\\Users\\User\\Desktop\\barcus\\public\\index.php')
CRITICAL - 2024-02-21 23:22:16 --> ErrorException: Attempt to read property "serviceName" on string
in APPPATH\Views\public\search.php on line 12.
 1 APPPATH\Views\public\search.php(12): CodeIgniter\Debug\Exceptions->errorHandler(2, 'Attempt to read property "serviceName" on string', 'C:\\Users\\User\\Desktop\\barcus\\app\\Views\\public\\search.php', 12)
 2 SYSTEMPATH\View\View.php(228): include('C:\\Users\\User\\Desktop\\barcus\\app\\Views\\public\\search.php')
 3 SYSTEMPATH\View\View.php(231): CodeIgniter\View\View->CodeIgniter\View\{closure}()
 4 SYSTEMPATH\Common.php(1178): CodeIgniter\View\View->render('public/search', [], true)
 5 APPPATH\Controllers\PublicController.php(108): view('public/search', [...])
 6 SYSTEMPATH\CodeIgniter.php(941): App\Controllers\PublicController->search()
 7 SYSTEMPATH\CodeIgniter.php(502): CodeIgniter\CodeIgniter->runController(Object(App\Controllers\PublicController))
 8 SYSTEMPATH\CodeIgniter.php(361): CodeIgniter\CodeIgniter->handleRequest(null, Object(Config\Cache), false)
 9 FCPATH\index.php(79): CodeIgniter\CodeIgniter->run()
10 SYSTEMPATH\Commands\Server\rewrite.php(47): require_once('C:\\Users\\User\\Desktop\\barcus\\public\\index.php')
INFO - 2024-02-21 23:27:09 --> Session: Class initialized using 'CodeIgniter\Session\Handlers\FileHandler' driver.
INFO - 2024-02-21 23:34:00 --> Session: Class initialized using 'CodeIgniter\Session\Handlers\FileHandler' driver.
INFO - 2024-02-21 23:38:49 --> Session: Class initialized using 'CodeIgniter\Session\Handlers\FileHandler' driver.
INFO - 2024-02-21 23:39:08 --> Session: Class initialized using 'CodeIgniter\Session\Handlers\FileHandler' driver.
INFO - 2024-02-21 23:39:22 --> Session: Class initialized using 'CodeIgniter\Session\Handlers\FileHandler' driver.
